[0m12:05:49.907882 [debug] [MainThread]: Sending event: {'category': 'dbt', 'action': 'invocation', 'label': 'start', 'context': [<snowplow_tracker.self_describing_json.SelfDescribingJson object at 0x000001F1D09ED450>, <snowplow_tracker.self_describing_json.SelfDescribingJson object at 0x000001F1D0738B90>, <snowplow_tracker.self_describing_json.SelfDescribingJson object at 0x000001F1D09EF550>]}


============================== 12:05:49.911966 | 0a28d943-38ae-4dff-9215-44bae305417f ==============================
[0m12:05:49.911966 [info ] [MainThread]: Running with dbt=1.6.6
[0m12:05:49.913886 [debug] [MainThread]: running dbt with arguments {'printer_width': '80', 'indirect_selection': 'eager', 'log_cache_events': 'False', 'write_json': 'True', 'partial_parse': 'True', 'cache_selected_only': 'False', 'warn_error': 'None', 'debug': 'False', 'version_check': 'True', 'log_path': 'logs', 'fail_fast': 'False', 'profiles_dir': 'C:\\Users\\anaregud\\PycharmProjects\\dbt_snowflake', 'use_colors': 'True', 'use_experimental_parser': 'False', 'no_print': 'None', 'quiet': 'False', 'log_format': 'default', 'static_parser': 'True', 'introspect': 'True', 'invocation_command': 'dbt debug', 'target_path': 'None', 'warn_error_options': 'WarnErrorOptions(include=[], exclude=[])', 'send_anonymous_usage_stats': 'True'}
[0m12:05:49.915884 [info ] [MainThread]: dbt version: 1.6.6
[0m12:05:49.916417 [info ] [MainThread]: python version: 3.11.1
[0m12:05:49.917427 [info ] [MainThread]: python path: C:\Program Files\Python311\python.exe
[0m12:05:49.918468 [info ] [MainThread]: os info: Windows-10-10.0.22621-SP0
[0m12:05:50.209985 [info ] [MainThread]: Using profiles dir at C:\Users\anaregud\PycharmProjects\dbt_snowflake
[0m12:05:50.211028 [info ] [MainThread]: Using profiles.yml file at C:\Users\anaregud\PycharmProjects\dbt_snowflake\profiles.yml
[0m12:05:50.211985 [info ] [MainThread]: Using dbt_project.yml file at C:\Users\anaregud\PycharmProjects\dbt_snowflake\dbt_project.yml
[0m12:05:50.213985 [info ] [MainThread]: adapter type: snowflake
[0m12:05:50.213985 [info ] [MainThread]: adapter version: 1.6.4
[0m12:05:50.214985 [info ] [MainThread]: Configuration:
[0m12:05:50.215985 [info ] [MainThread]:   profiles.yml file [[32mOK found and valid[0m]
[0m12:05:50.216985 [info ] [MainThread]:   dbt_project.yml file [[31mERROR not found[0m]
[0m12:05:50.217985 [info ] [MainThread]: Required dependencies:
[0m12:05:50.219037 [debug] [MainThread]: Executing "git --help"
[0m12:05:50.314181 [debug] [MainThread]: STDOUT: "b"usage: git [-v | --version] [-h | --help] [-C <path>] [-c <name>=<value>]\n           [--exec-path[=<path>]] [--html-path] [--man-path] [--info-path]\n           [-p | --paginate | -P | --no-pager] [--no-replace-objects] [--bare]\n           [--git-dir=<path>] [--work-tree=<path>] [--namespace=<name>]\n           [--super-prefix=<path>] [--config-env=<name>=<envvar>]\n           <command> [<args>]\n\nThese are common Git commands used in various situations:\n\nstart a working area (see also: git help tutorial)\n   clone     Clone a repository into a new directory\n   init      Create an empty Git repository or reinitialize an existing one\n\nwork on the current change (see also: git help everyday)\n   add       Add file contents to the index\n   mv        Move or rename a file, a directory, or a symlink\n   restore   Restore working tree files\n   rm        Remove files from the working tree and from the index\n\nexamine the history and state (see also: git help revisions)\n   bisect    Use binary search to find the commit that introduced a bug\n   diff      Show changes between commits, commit and working tree, etc\n   grep      Print lines matching a pattern\n   log       Show commit logs\n   show      Show various types of objects\n   status    Show the working tree status\n\ngrow, mark and tweak your common history\n   branch    List, create, or delete branches\n   commit    Record changes to the repository\n   merge     Join two or more development histories together\n   rebase    Reapply commits on top of another base tip\n   reset     Reset current HEAD to the specified state\n   switch    Switch branches\n   tag       Create, list, delete or verify a tag object signed with GPG\n\ncollaborate (see also: git help workflows)\n   fetch     Download objects and refs from another repository\n   pull      Fetch from and integrate with another repository or a local branch\n   push      Update remote refs along with associated objects\n\n'git help -a' and 'git help -g' list available subcommands and some\nconcept guides. See 'git help <command>' or 'git help <concept>'\nto read about a specific subcommand or concept.\nSee 'git help git' for an overview of the system.\n""
[0m12:05:50.315158 [debug] [MainThread]: STDERR: "b''"
[0m12:05:50.316206 [info ] [MainThread]:  - git [[32mOK found[0m]

[0m12:05:50.317162 [info ] [MainThread]: Connection:
[0m12:05:50.318176 [info ] [MainThread]:   account: https://axxlqaw-ye28391.snowflakecomputing.com
[0m12:05:50.319151 [info ] [MainThread]:   user: lionman
[0m12:05:50.320192 [info ] [MainThread]:   database: DBT_PROJECT
[0m12:05:50.321152 [info ] [MainThread]:   warehouse: COMPUTE_WH
[0m12:05:50.321152 [info ] [MainThread]:   role: ACCOUNTADMIN
[0m12:05:50.322188 [info ] [MainThread]:   schema: DEV
[0m12:05:50.323239 [info ] [MainThread]:   authenticator: externalbrowser
[0m12:05:50.324197 [info ] [MainThread]:   private_key_path: None
[0m12:05:50.325188 [info ] [MainThread]:   token: None
[0m12:05:50.326194 [info ] [MainThread]:   oauth_client_id: None
[0m12:05:50.327199 [info ] [MainThread]:   query_tag: None
[0m12:05:50.328241 [info ] [MainThread]:   client_session_keep_alive: False
[0m12:05:50.330252 [info ] [MainThread]:   host: None
[0m12:05:50.331201 [info ] [MainThread]:   port: None
[0m12:05:50.332200 [info ] [MainThread]:   proxy_host: None
[0m12:05:50.334202 [info ] [MainThread]:   proxy_port: None
[0m12:05:50.335241 [info ] [MainThread]:   protocol: None
[0m12:05:50.336200 [info ] [MainThread]:   connect_retries: 0
[0m12:05:50.336200 [info ] [MainThread]:   connect_timeout: 10
[0m12:05:50.337240 [info ] [MainThread]:   retry_on_database_errors: False
[0m12:05:50.338295 [info ] [MainThread]:   retry_all: False
[0m12:05:50.339213 [info ] [MainThread]:   insecure_mode: False
[0m12:05:50.339213 [info ] [MainThread]:   reuse_connections: False
[0m12:05:50.340302 [info ] [MainThread]: Registered adapter: snowflake=1.6.4
[0m12:05:50.341225 [debug] [MainThread]: Acquiring new snowflake connection 'debug'
[0m12:05:50.342200 [debug] [MainThread]: Using snowflake connection "debug"
[0m12:05:50.343221 [debug] [MainThread]: On debug: select 1 as id
[0m12:05:50.343221 [debug] [MainThread]: Opening a new connection, currently in state init
[0m12:07:03.112061 [error] [MainThread]: Encountered an error:

[0m12:07:03.129707 [error] [MainThread]: Traceback (most recent call last):
  File "C:\Program Files\Python311\Lib\site-packages\snowflake\connector\vendored\urllib3\connection.py", line 174, in _new_conn
    conn = connection.create_connection(
           ^^^^^^^^^^^^^^^^^^^^^^^^^^^^^
  File "C:\Program Files\Python311\Lib\site-packages\snowflake\connector\vendored\urllib3\util\connection.py", line 72, in create_connection
    for res in socket.getaddrinfo(host, port, family, socket.SOCK_STREAM):
               ^^^^^^^^^^^^^^^^^^^^^^^^^^^^^^^^^^^^^^^^^^^^^^^^^^^^^^^^^^
  File "C:\Program Files\Python311\Lib\socket.py", line 962, in getaddrinfo
    for res in _socket.getaddrinfo(host, port, family, type, proto, flags):
               ^^^^^^^^^^^^^^^^^^^^^^^^^^^^^^^^^^^^^^^^^^^^^^^^^^^^^^^^^^^
socket.gaierror: [Errno 11001] getaddrinfo failed

During handling of the above exception, another exception occurred:

Traceback (most recent call last):
  File "C:\Program Files\Python311\Lib\site-packages\snowflake\connector\vendored\urllib3\connectionpool.py", line 703, in urlopen
    httplib_response = self._make_request(
                       ^^^^^^^^^^^^^^^^^^^
  File "C:\Program Files\Python311\Lib\site-packages\snowflake\connector\vendored\urllib3\connectionpool.py", line 386, in _make_request
    self._validate_conn(conn)
  File "C:\Program Files\Python311\Lib\site-packages\snowflake\connector\vendored\urllib3\connectionpool.py", line 1042, in _validate_conn
    conn.connect()
  File "C:\Program Files\Python311\Lib\site-packages\snowflake\connector\vendored\urllib3\connection.py", line 363, in connect
    self.sock = conn = self._new_conn()
                       ^^^^^^^^^^^^^^^^
  File "C:\Program Files\Python311\Lib\site-packages\snowflake\connector\vendored\urllib3\connection.py", line 186, in _new_conn
    raise NewConnectionError(
snowflake.connector.vendored.urllib3.exceptions.NewConnectionError: <snowflake.connector.vendored.urllib3.connection.HTTPSConnection object at 0x000001F1D1B37E50>: Failed to establish a new connection: [Errno 11001] getaddrinfo failed

During handling of the above exception, another exception occurred:

Traceback (most recent call last):
  File "C:\Program Files\Python311\Lib\site-packages\snowflake\connector\vendored\requests\adapters.py", line 487, in send
    resp = conn.urlopen(
           ^^^^^^^^^^^^^
  File "C:\Program Files\Python311\Lib\site-packages\snowflake\connector\vendored\urllib3\connectionpool.py", line 815, in urlopen
    return self.urlopen(
           ^^^^^^^^^^^^^
  File "C:\Program Files\Python311\Lib\site-packages\snowflake\connector\vendored\urllib3\connectionpool.py", line 787, in urlopen
    retries = retries.increment(
              ^^^^^^^^^^^^^^^^^^
  File "C:\Program Files\Python311\Lib\site-packages\snowflake\connector\vendored\urllib3\util\retry.py", line 592, in increment
    raise MaxRetryError(_pool, url, error or ResponseError(cause))
snowflake.connector.vendored.urllib3.exceptions.MaxRetryError: HTTPSConnectionPool(host='https', port=443): Max retries exceeded with url: //axxlqaw-ye28391.snowflakecomputing.com.snowflakecomputing.com:443/session/authenticator-request (Caused by NewConnectionError('<snowflake.connector.vendored.urllib3.connection.HTTPSConnection object at 0x000001F1D1B37E50>: Failed to establish a new connection: [Errno 11001] getaddrinfo failed'))

During handling of the above exception, another exception occurred:

Traceback (most recent call last):
  File "C:\Program Files\Python311\Lib\site-packages\snowflake\connector\network.py", line 1084, in _request_exec
    raw_ret = session.request(
              ^^^^^^^^^^^^^^^^
  File "C:\Program Files\Python311\Lib\site-packages\snowflake\connector\vendored\requests\sessions.py", line 587, in request
    resp = self.send(prep, **send_kwargs)
           ^^^^^^^^^^^^^^^^^^^^^^^^^^^^^^
  File "C:\Program Files\Python311\Lib\site-packages\snowflake\connector\vendored\requests\sessions.py", line 701, in send
    r = adapter.send(request, **kwargs)
        ^^^^^^^^^^^^^^^^^^^^^^^^^^^^^^^
  File "C:\Program Files\Python311\Lib\site-packages\snowflake\connector\vendored\requests\adapters.py", line 520, in send
    raise ConnectionError(e, request=request)
snowflake.connector.vendored.requests.exceptions.ConnectionError: HTTPSConnectionPool(host='https', port=443): Max retries exceeded with url: //axxlqaw-ye28391.snowflakecomputing.com.snowflakecomputing.com:443/session/authenticator-request (Caused by NewConnectionError('<snowflake.connector.vendored.urllib3.connection.HTTPSConnection object at 0x000001F1D1B37E50>: Failed to establish a new connection: [Errno 11001] getaddrinfo failed'))

During handling of the above exception, another exception occurred:

Traceback (most recent call last):
  File "C:\Program Files\Python311\Lib\site-packages\snowflake\connector\network.py", line 891, in _request_exec_wrapper
    return_object = self._request_exec(
                    ^^^^^^^^^^^^^^^^^^^
  File "C:\Program Files\Python311\Lib\site-packages\snowflake\connector\network.py", line 1178, in _request_exec
    raise RetryRequest(err)
snowflake.connector.network.RetryRequest: HTTPSConnectionPool(host='https', port=443): Max retries exceeded with url: //axxlqaw-ye28391.snowflakecomputing.com.snowflakecomputing.com:443/session/authenticator-request (Caused by NewConnectionError('<snowflake.connector.vendored.urllib3.connection.HTTPSConnection object at 0x000001F1D1B37E50>: Failed to establish a new connection: [Errno 11001] getaddrinfo failed'))

During handling of the above exception, another exception occurred:

Traceback (most recent call last):
  File "C:\Program Files\Python311\Lib\site-packages\dbt\cli\requires.py", line 87, in wrapper
    result, success = func(*args, **kwargs)
                      ^^^^^^^^^^^^^^^^^^^^^
  File "C:\Program Files\Python311\Lib\site-packages\dbt\cli\requires.py", line 72, in wrapper
    return func(*args, **kwargs)
           ^^^^^^^^^^^^^^^^^^^^^
  File "C:\Program Files\Python311\Lib\site-packages\dbt\cli\main.py", line 440, in debug
    results = task.run()
              ^^^^^^^^^^
  File "C:\Program Files\Python311\Lib\site-packages\dbt\task\debug.py", line 152, in run
    connection_status = self.test_connection()
                        ^^^^^^^^^^^^^^^^^^^^^^
  File "C:\Program Files\Python311\Lib\site-packages\dbt\task\debug.py", line 471, in test_connection
    connection_result = self.attempt_connection(self.profile)
                        ^^^^^^^^^^^^^^^^^^^^^^^^^^^^^^^^^^^^^
  File "C:\Program Files\Python311\Lib\site-packages\dbt\task\debug.py", line 449, in attempt_connection
    adapter.debug_query()
  File "C:\Program Files\Python311\Lib\site-packages\dbt\adapters\snowflake\impl.py", line 261, in debug_query
    self.execute("select 1 as id")
  File "C:\Program Files\Python311\Lib\site-packages\dbt\adapters\base\impl.py", line 290, in execute
    return self.connections.execute(sql=sql, auto_begin=auto_begin, fetch=fetch, limit=limit)
           ^^^^^^^^^^^^^^^^^^^^^^^^^^^^^^^^^^^^^^^^^^^^^^^^^^^^^^^^^^^^^^^^^^^^^^^^^^^^^^^^^^
  File "C:\Program Files\Python311\Lib\site-packages\dbt\adapters\snowflake\connections.py", line 457, in execute
    _, cursor = self.add_query(sql, auto_begin)
                ^^^^^^^^^^^^^^^^^^^^^^^^^^^^^^^
  File "C:\Program Files\Python311\Lib\site-packages\dbt\adapters\snowflake\connections.py", line 492, in add_query
    connection, cursor = self._add_standard_queries(
                         ^^^^^^^^^^^^^^^^^^^^^^^^^^^
  File "C:\Program Files\Python311\Lib\site-packages\dbt\adapters\snowflake\connections.py", line 548, in _add_standard_queries
    connection, cursor = self.add_standard_query(query, **kwargs)
                         ^^^^^^^^^^^^^^^^^^^^^^^^^^^^^^^^^^^^^^^^
  File "C:\Program Files\Python311\Lib\site-packages\dbt\adapters\snowflake\connections.py", line 468, in add_standard_query
    return super().add_query(self._add_query_comment(sql), **kwargs)
           ^^^^^^^^^^^^^^^^^^^^^^^^^^^^^^^^^^^^^^^^^^^^^^^^^^^^^^^^^
  File "C:\Program Files\Python311\Lib\site-packages\dbt\adapters\sql\connections.py", line 79, in add_query
    cursor = connection.handle.cursor()
             ^^^^^^^^^^^^^^^^^
  File "C:\Program Files\Python311\Lib\site-packages\dbt\contracts\connection.py", line 94, in handle
    self._handle.resolve(self)
  File "C:\Program Files\Python311\Lib\site-packages\dbt\contracts\connection.py", line 118, in resolve
    return self.opener(connection)
           ^^^^^^^^^^^^^^^^^^^^^^^
  File "C:\Program Files\Python311\Lib\site-packages\dbt\adapters\snowflake\connections.py", line 368, in open
    return cls.retry_connection(
           ^^^^^^^^^^^^^^^^^^^^^
  File "C:\Program Files\Python311\Lib\site-packages\dbt\adapters\base\connections.py", line 241, in retry_connection
    connection.handle = connect()
                        ^^^^^^^^^
  File "C:\Program Files\Python311\Lib\site-packages\dbt\adapters\snowflake\connections.py", line 332, in connect
    handle = snowflake.connector.connect(
             ^^^^^^^^^^^^^^^^^^^^^^^^^^^^
  File "C:\Program Files\Python311\Lib\site-packages\snowflake\connector\__init__.py", line 54, in Connect
    return SnowflakeConnection(**kwargs)
           ^^^^^^^^^^^^^^^^^^^^^^^^^^^^^
  File "C:\Program Files\Python311\Lib\site-packages\snowflake\connector\connection.py", line 382, in __init__
    self.connect(**kwargs)
  File "C:\Program Files\Python311\Lib\site-packages\snowflake\connector\connection.py", line 662, in connect
    self.__open_connection()
  File "C:\Program Files\Python311\Lib\site-packages\snowflake\connector\connection.py", line 935, in __open_connection
    self.authenticate_with_retry(self.auth_class)
  File "C:\Program Files\Python311\Lib\site-packages\snowflake\connector\connection.py", line 1220, in authenticate_with_retry
    self._authenticate(auth_instance)
  File "C:\Program Files\Python311\Lib\site-packages\snowflake\connector\connection.py", line 1232, in _authenticate
    auth_instance.prepare(
  File "C:\Program Files\Python311\Lib\site-packages\snowflake\connector\auth\webbrowser.py", line 137, in prepare
    sso_url = self._get_sso_url(
              ^^^^^^^^^^^^^^^^^^
  File "C:\Program Files\Python311\Lib\site-packages\snowflake\connector\auth\webbrowser.py", line 404, in _get_sso_url
    ret = conn._rest._post_request(
          ^^^^^^^^^^^^^^^^^^^^^^^^^
  File "C:\Program Files\Python311\Lib\site-packages\snowflake\connector\network.py", line 730, in _post_request
    ret = self.fetch(
          ^^^^^^^^^^^
  File "C:\Program Files\Python311\Lib\site-packages\snowflake\connector\network.py", line 849, in fetch
    ret = self._request_exec_wrapper(
          ^^^^^^^^^^^^^^^^^^^^^^^^^^^
  File "C:\Program Files\Python311\Lib\site-packages\snowflake\connector\network.py", line 964, in _request_exec_wrapper
    time.sleep(sleeping_time)
KeyboardInterrupt

[0m12:07:03.150986 [debug] [MainThread]: Command `dbt debug` failed at 12:07:03.150986 after 73.34 seconds
[0m12:07:03.152954 [debug] [MainThread]: Connection 'debug' was properly closed.
[0m12:07:03.154953 [debug] [MainThread]: Sending event: {'category': 'dbt', 'action': 'invocation', 'label': 'end', 'context': [<snowplow_tracker.self_describing_json.SelfDescribingJson object at 0x000001F1D0723F10>, <snowplow_tracker.self_describing_json.SelfDescribingJson object at 0x000001F1D0774150>, <snowplow_tracker.self_describing_json.SelfDescribingJson object at 0x000001F1D09EF850>]}
[0m12:07:03.155986 [debug] [MainThread]: Flushing usage events
[0m12:07:11.694948 [debug] [MainThread]: Sending event: {'category': 'dbt', 'action': 'invocation', 'label': 'start', 'context': [<snowplow_tracker.self_describing_json.SelfDescribingJson object at 0x000001B5F90D6E90>, <snowplow_tracker.self_describing_json.SelfDescribingJson object at 0x000001B5F84C1B90>, <snowplow_tracker.self_describing_json.SelfDescribingJson object at 0x000001B5F8CDDB50>]}


============================== 12:07:11.698911 | 6c7877b2-fd76-4b70-886a-f7b55909fc4f ==============================
[0m12:07:11.698911 [info ] [MainThread]: Running with dbt=1.6.6
[0m12:07:11.699773 [debug] [MainThread]: running dbt with arguments {'printer_width': '80', 'indirect_selection': 'eager', 'log_cache_events': 'False', 'write_json': 'True', 'partial_parse': 'True', 'cache_selected_only': 'False', 'warn_error': 'None', 'version_check': 'True', 'fail_fast': 'False', 'log_path': 'logs', 'profiles_dir': 'C:\\Users\\anaregud\\PycharmProjects\\dbt_snowflake', 'debug': 'False', 'use_colors': 'True', 'use_experimental_parser': 'False', 'no_print': 'None', 'quiet': 'False', 'log_format': 'default', 'introspect': 'True', 'static_parser': 'True', 'warn_error_options': 'WarnErrorOptions(include=[], exclude=[])', 'target_path': 'None', 'invocation_command': 'dbt debug', 'send_anonymous_usage_stats': 'True'}
[0m12:07:11.700825 [info ] [MainThread]: dbt version: 1.6.6
[0m12:07:11.701777 [info ] [MainThread]: python version: 3.11.1
[0m12:07:11.702791 [info ] [MainThread]: python path: C:\Program Files\Python311\python.exe
[0m12:07:11.702791 [info ] [MainThread]: os info: Windows-10-10.0.22621-SP0
[0m12:07:11.975943 [info ] [MainThread]: Using profiles dir at C:\Users\anaregud\PycharmProjects\dbt_snowflake
[0m12:07:11.976985 [info ] [MainThread]: Using profiles.yml file at C:\Users\anaregud\PycharmProjects\dbt_snowflake\profiles.yml
[0m12:07:11.978073 [info ] [MainThread]: Using dbt_project.yml file at C:\Users\anaregud\PycharmProjects\dbt_snowflake\dbt_project.yml
[0m12:07:11.978995 [info ] [MainThread]: adapter type: snowflake
[0m12:07:11.980074 [info ] [MainThread]: adapter version: 1.6.4
[0m12:07:11.980996 [info ] [MainThread]: Configuration:
[0m12:07:11.982034 [info ] [MainThread]:   profiles.yml file [[32mOK found and valid[0m]
[0m12:07:11.982034 [info ] [MainThread]:   dbt_project.yml file [[31mERROR not found[0m]
[0m12:07:11.983077 [info ] [MainThread]: Required dependencies:
[0m12:07:11.983997 [debug] [MainThread]: Executing "git --help"
[0m12:07:12.087559 [debug] [MainThread]: STDOUT: "b"usage: git [-v | --version] [-h | --help] [-C <path>] [-c <name>=<value>]\n           [--exec-path[=<path>]] [--html-path] [--man-path] [--info-path]\n           [-p | --paginate | -P | --no-pager] [--no-replace-objects] [--bare]\n           [--git-dir=<path>] [--work-tree=<path>] [--namespace=<name>]\n           [--super-prefix=<path>] [--config-env=<name>=<envvar>]\n           <command> [<args>]\n\nThese are common Git commands used in various situations:\n\nstart a working area (see also: git help tutorial)\n   clone     Clone a repository into a new directory\n   init      Create an empty Git repository or reinitialize an existing one\n\nwork on the current change (see also: git help everyday)\n   add       Add file contents to the index\n   mv        Move or rename a file, a directory, or a symlink\n   restore   Restore working tree files\n   rm        Remove files from the working tree and from the index\n\nexamine the history and state (see also: git help revisions)\n   bisect    Use binary search to find the commit that introduced a bug\n   diff      Show changes between commits, commit and working tree, etc\n   grep      Print lines matching a pattern\n   log       Show commit logs\n   show      Show various types of objects\n   status    Show the working tree status\n\ngrow, mark and tweak your common history\n   branch    List, create, or delete branches\n   commit    Record changes to the repository\n   merge     Join two or more development histories together\n   rebase    Reapply commits on top of another base tip\n   reset     Reset current HEAD to the specified state\n   switch    Switch branches\n   tag       Create, list, delete or verify a tag object signed with GPG\n\ncollaborate (see also: git help workflows)\n   fetch     Download objects and refs from another repository\n   pull      Fetch from and integrate with another repository or a local branch\n   push      Update remote refs along with associated objects\n\n'git help -a' and 'git help -g' list available subcommands and some\nconcept guides. See 'git help <command>' or 'git help <concept>'\nto read about a specific subcommand or concept.\nSee 'git help git' for an overview of the system.\n""
[0m12:07:12.087559 [debug] [MainThread]: STDERR: "b''"
[0m12:07:12.088636 [info ] [MainThread]:  - git [[32mOK found[0m]

[0m12:07:12.089551 [info ] [MainThread]: Connection:
[0m12:07:12.090652 [info ] [MainThread]:   account: https://axxlqaw-ye28391.snowflakecomputing.com
[0m12:07:12.090652 [info ] [MainThread]:   user: lionman
[0m12:07:12.091589 [info ] [MainThread]:   database: DBT_PROJECT
[0m12:07:12.091589 [info ] [MainThread]:   warehouse: COMPUTE_WH
[0m12:07:12.092664 [info ] [MainThread]:   role: ACCOUNTADMIN
[0m12:07:12.093550 [info ] [MainThread]:   schema: DEV
[0m12:07:12.093550 [info ] [MainThread]:   authenticator: externalbrowser
[0m12:07:12.094633 [info ] [MainThread]:   private_key_path: None
[0m12:07:12.094633 [info ] [MainThread]:   token: None
[0m12:07:12.095644 [info ] [MainThread]:   oauth_client_id: None
[0m12:07:12.096552 [info ] [MainThread]:   query_tag: None
[0m12:07:12.096552 [info ] [MainThread]:   client_session_keep_alive: False
[0m12:07:12.097630 [info ] [MainThread]:   host: None
[0m12:07:12.098619 [info ] [MainThread]:   port: None
[0m12:07:12.099622 [info ] [MainThread]:   proxy_host: None
[0m12:07:12.100636 [info ] [MainThread]:   proxy_port: None
[0m12:07:12.101551 [info ] [MainThread]:   protocol: None
[0m12:07:12.102607 [info ] [MainThread]:   connect_retries: 0
[0m12:07:12.103632 [info ] [MainThread]:   connect_timeout: 10
[0m12:07:12.103632 [info ] [MainThread]:   retry_on_database_errors: False
[0m12:07:12.104552 [info ] [MainThread]:   retry_all: False
[0m12:07:12.104552 [info ] [MainThread]:   insecure_mode: False
[0m12:07:12.105637 [info ] [MainThread]:   reuse_connections: False
[0m12:07:12.106590 [info ] [MainThread]: Registered adapter: snowflake=1.6.4
[0m12:07:12.106590 [debug] [MainThread]: Acquiring new snowflake connection 'debug'
[0m12:07:12.107634 [debug] [MainThread]: Using snowflake connection "debug"
[0m12:07:12.108642 [debug] [MainThread]: On debug: select 1 as id
[0m12:07:12.108642 [debug] [MainThread]: Opening a new connection, currently in state init
[0m12:08:40.356219 [error] [MainThread]: Encountered an error:

[0m12:08:40.369745 [error] [MainThread]: Traceback (most recent call last):
  File "C:\Program Files\Python311\Lib\site-packages\snowflake\connector\vendored\urllib3\connection.py", line 174, in _new_conn
    conn = connection.create_connection(
           ^^^^^^^^^^^^^^^^^^^^^^^^^^^^^
  File "C:\Program Files\Python311\Lib\site-packages\snowflake\connector\vendored\urllib3\util\connection.py", line 72, in create_connection
    for res in socket.getaddrinfo(host, port, family, socket.SOCK_STREAM):
               ^^^^^^^^^^^^^^^^^^^^^^^^^^^^^^^^^^^^^^^^^^^^^^^^^^^^^^^^^^
  File "C:\Program Files\Python311\Lib\socket.py", line 962, in getaddrinfo
    for res in _socket.getaddrinfo(host, port, family, type, proto, flags):
               ^^^^^^^^^^^^^^^^^^^^^^^^^^^^^^^^^^^^^^^^^^^^^^^^^^^^^^^^^^^
socket.gaierror: [Errno 11001] getaddrinfo failed

During handling of the above exception, another exception occurred:

Traceback (most recent call last):
  File "C:\Program Files\Python311\Lib\site-packages\dbt\cli\requires.py", line 87, in wrapper
    result, success = func(*args, **kwargs)
                      ^^^^^^^^^^^^^^^^^^^^^
  File "C:\Program Files\Python311\Lib\site-packages\dbt\cli\requires.py", line 72, in wrapper
    return func(*args, **kwargs)
           ^^^^^^^^^^^^^^^^^^^^^
  File "C:\Program Files\Python311\Lib\site-packages\dbt\cli\main.py", line 440, in debug
    results = task.run()
              ^^^^^^^^^^
  File "C:\Program Files\Python311\Lib\site-packages\dbt\task\debug.py", line 152, in run
    connection_status = self.test_connection()
                        ^^^^^^^^^^^^^^^^^^^^^^
  File "C:\Program Files\Python311\Lib\site-packages\dbt\task\debug.py", line 471, in test_connection
    connection_result = self.attempt_connection(self.profile)
                        ^^^^^^^^^^^^^^^^^^^^^^^^^^^^^^^^^^^^^
  File "C:\Program Files\Python311\Lib\site-packages\dbt\task\debug.py", line 449, in attempt_connection
    adapter.debug_query()
  File "C:\Program Files\Python311\Lib\site-packages\dbt\adapters\snowflake\impl.py", line 261, in debug_query
    self.execute("select 1 as id")
  File "C:\Program Files\Python311\Lib\site-packages\dbt\adapters\base\impl.py", line 290, in execute
    return self.connections.execute(sql=sql, auto_begin=auto_begin, fetch=fetch, limit=limit)
           ^^^^^^^^^^^^^^^^^^^^^^^^^^^^^^^^^^^^^^^^^^^^^^^^^^^^^^^^^^^^^^^^^^^^^^^^^^^^^^^^^^
  File "C:\Program Files\Python311\Lib\site-packages\dbt\adapters\snowflake\connections.py", line 457, in execute
    _, cursor = self.add_query(sql, auto_begin)
                ^^^^^^^^^^^^^^^^^^^^^^^^^^^^^^^
  File "C:\Program Files\Python311\Lib\site-packages\dbt\adapters\snowflake\connections.py", line 492, in add_query
    connection, cursor = self._add_standard_queries(
                         ^^^^^^^^^^^^^^^^^^^^^^^^^^^
  File "C:\Program Files\Python311\Lib\site-packages\dbt\adapters\snowflake\connections.py", line 548, in _add_standard_queries
    connection, cursor = self.add_standard_query(query, **kwargs)
                         ^^^^^^^^^^^^^^^^^^^^^^^^^^^^^^^^^^^^^^^^
  File "C:\Program Files\Python311\Lib\site-packages\dbt\adapters\snowflake\connections.py", line 468, in add_standard_query
    return super().add_query(self._add_query_comment(sql), **kwargs)
           ^^^^^^^^^^^^^^^^^^^^^^^^^^^^^^^^^^^^^^^^^^^^^^^^^^^^^^^^^
  File "C:\Program Files\Python311\Lib\site-packages\dbt\adapters\sql\connections.py", line 79, in add_query
    cursor = connection.handle.cursor()
             ^^^^^^^^^^^^^^^^^
  File "C:\Program Files\Python311\Lib\site-packages\dbt\contracts\connection.py", line 94, in handle
    self._handle.resolve(self)
  File "C:\Program Files\Python311\Lib\site-packages\dbt\contracts\connection.py", line 118, in resolve
    return self.opener(connection)
           ^^^^^^^^^^^^^^^^^^^^^^^
  File "C:\Program Files\Python311\Lib\site-packages\dbt\adapters\snowflake\connections.py", line 368, in open
    return cls.retry_connection(
           ^^^^^^^^^^^^^^^^^^^^^
  File "C:\Program Files\Python311\Lib\site-packages\dbt\adapters\base\connections.py", line 241, in retry_connection
    connection.handle = connect()
                        ^^^^^^^^^
  File "C:\Program Files\Python311\Lib\site-packages\dbt\adapters\snowflake\connections.py", line 332, in connect
    handle = snowflake.connector.connect(
             ^^^^^^^^^^^^^^^^^^^^^^^^^^^^
  File "C:\Program Files\Python311\Lib\site-packages\snowflake\connector\__init__.py", line 54, in Connect
    return SnowflakeConnection(**kwargs)
           ^^^^^^^^^^^^^^^^^^^^^^^^^^^^^
  File "C:\Program Files\Python311\Lib\site-packages\snowflake\connector\connection.py", line 382, in __init__
    self.connect(**kwargs)
  File "C:\Program Files\Python311\Lib\site-packages\snowflake\connector\connection.py", line 662, in connect
    self.__open_connection()
  File "C:\Program Files\Python311\Lib\site-packages\snowflake\connector\connection.py", line 935, in __open_connection
    self.authenticate_with_retry(self.auth_class)
  File "C:\Program Files\Python311\Lib\site-packages\snowflake\connector\connection.py", line 1220, in authenticate_with_retry
    self._authenticate(auth_instance)
  File "C:\Program Files\Python311\Lib\site-packages\snowflake\connector\connection.py", line 1232, in _authenticate
    auth_instance.prepare(
  File "C:\Program Files\Python311\Lib\site-packages\snowflake\connector\auth\webbrowser.py", line 137, in prepare
    sso_url = self._get_sso_url(
              ^^^^^^^^^^^^^^^^^^
  File "C:\Program Files\Python311\Lib\site-packages\snowflake\connector\auth\webbrowser.py", line 404, in _get_sso_url
    ret = conn._rest._post_request(
          ^^^^^^^^^^^^^^^^^^^^^^^^^
  File "C:\Program Files\Python311\Lib\site-packages\snowflake\connector\network.py", line 730, in _post_request
    ret = self.fetch(
          ^^^^^^^^^^^
  File "C:\Program Files\Python311\Lib\site-packages\snowflake\connector\network.py", line 849, in fetch
    ret = self._request_exec_wrapper(
          ^^^^^^^^^^^^^^^^^^^^^^^^^^^
  File "C:\Program Files\Python311\Lib\site-packages\snowflake\connector\network.py", line 891, in _request_exec_wrapper
    return_object = self._request_exec(
                    ^^^^^^^^^^^^^^^^^^^
  File "C:\Program Files\Python311\Lib\site-packages\snowflake\connector\network.py", line 1084, in _request_exec
    raw_ret = session.request(
              ^^^^^^^^^^^^^^^^
  File "C:\Program Files\Python311\Lib\site-packages\snowflake\connector\vendored\requests\sessions.py", line 587, in request
    resp = self.send(prep, **send_kwargs)
           ^^^^^^^^^^^^^^^^^^^^^^^^^^^^^^
  File "C:\Program Files\Python311\Lib\site-packages\snowflake\connector\vendored\requests\sessions.py", line 701, in send
    r = adapter.send(request, **kwargs)
        ^^^^^^^^^^^^^^^^^^^^^^^^^^^^^^^
  File "C:\Program Files\Python311\Lib\site-packages\snowflake\connector\vendored\requests\adapters.py", line 487, in send
    resp = conn.urlopen(
           ^^^^^^^^^^^^^
  File "C:\Program Files\Python311\Lib\site-packages\snowflake\connector\vendored\urllib3\connectionpool.py", line 703, in urlopen
    httplib_response = self._make_request(
                       ^^^^^^^^^^^^^^^^^^^
  File "C:\Program Files\Python311\Lib\site-packages\snowflake\connector\vendored\urllib3\connectionpool.py", line 386, in _make_request
    self._validate_conn(conn)
  File "C:\Program Files\Python311\Lib\site-packages\snowflake\connector\vendored\urllib3\connectionpool.py", line 1042, in _validate_conn
    conn.connect()
  File "C:\Program Files\Python311\Lib\site-packages\snowflake\connector\vendored\urllib3\connection.py", line 363, in connect
    self.sock = conn = self._new_conn()
                       ^^^^^^^^^^^^^^^^
  File "C:\Program Files\Python311\Lib\site-packages\snowflake\connector\vendored\urllib3\connection.py", line 187, in _new_conn
    self, "Failed to establish a new connection: %s" % e
          ~~~~~~~~~~~~~~~~~~~~~~~~~~~~~~~~~~~~~~~~~~~^~~
KeyboardInterrupt

[0m12:08:40.375746 [debug] [MainThread]: Command `dbt debug` failed at 12:08:40.375746 after 88.78 seconds
[0m12:08:40.376746 [debug] [MainThread]: Connection 'debug' was properly closed.
[0m12:08:40.377746 [debug] [MainThread]: Sending event: {'category': 'dbt', 'action': 'invocation', 'label': 'end', 'context': [<snowplow_tracker.self_describing_json.SelfDescribingJson object at 0x000001B5F8C817D0>, <snowplow_tracker.self_describing_json.SelfDescribingJson object at 0x000001B5F8C14150>, <snowplow_tracker.self_describing_json.SelfDescribingJson object at 0x000001B5F90DC510>]}
[0m12:08:40.378745 [debug] [MainThread]: Flushing usage events
[0m12:09:32.780361 [debug] [MainThread]: Sending event: {'category': 'dbt', 'action': 'invocation', 'label': 'start', 'context': [<snowplow_tracker.self_describing_json.SelfDescribingJson object at 0x000001B4E0BCB7D0>, <snowplow_tracker.self_describing_json.SelfDescribingJson object at 0x000001B4E3842B10>, <snowplow_tracker.self_describing_json.SelfDescribingJson object at 0x000001B4E389FE10>]}


============================== 12:09:32.783451 | 86aa3929-786a-4ecf-8f54-289426624d90 ==============================
[0m12:09:32.783451 [info ] [MainThread]: Running with dbt=1.6.6
[0m12:09:32.785415 [debug] [MainThread]: running dbt with arguments {'printer_width': '80', 'indirect_selection': 'eager', 'log_cache_events': 'False', 'write_json': 'True', 'partial_parse': 'True', 'cache_selected_only': 'False', 'profiles_dir': 'C:\\Users\\anaregud\\PycharmProjects\\dbt_snowflake', 'version_check': 'True', 'fail_fast': 'False', 'log_path': 'logs', 'warn_error': 'None', 'debug': 'False', 'use_colors': 'True', 'use_experimental_parser': 'False', 'no_print': 'None', 'quiet': 'False', 'warn_error_options': 'WarnErrorOptions(include=[], exclude=[])', 'static_parser': 'True', 'introspect': 'True', 'invocation_command': 'dbt run', 'target_path': 'None', 'log_format': 'default', 'send_anonymous_usage_stats': 'True'}
[0m12:09:32.787373 [error] [MainThread]: Encountered an error:
Runtime Error
  No dbt_project.yml found at expected path C:\Users\anaregud\PycharmProjects\dbt_snowflake\dbt_project.yml
  Verify that each entry within packages.yml (and their transitive dependencies) contains a file named dbt_project.yml
  
[0m12:09:32.788372 [debug] [MainThread]: Command `dbt run` failed at 12:09:32.788372 after 0.09 seconds
[0m12:09:32.789500 [debug] [MainThread]: Sending event: {'category': 'dbt', 'action': 'invocation', 'label': 'end', 'context': [<snowplow_tracker.self_describing_json.SelfDescribingJson object at 0x000001B4E3597850>, <snowplow_tracker.self_describing_json.SelfDescribingJson object at 0x000001B4E34FB110>, <snowplow_tracker.self_describing_json.SelfDescribingJson object at 0x000001B4E34FB490>]}
[0m12:09:32.789500 [debug] [MainThread]: Flushing usage events
[0m12:10:13.360037 [debug] [MainThread]: Sending event: {'category': 'dbt', 'action': 'invocation', 'label': 'start', 'context': [<snowplow_tracker.self_describing_json.SelfDescribingJson object at 0x0000020F3117F850>, <snowplow_tracker.self_describing_json.SelfDescribingJson object at 0x0000020F309EF590>, <snowplow_tracker.self_describing_json.SelfDescribingJson object at 0x0000020F309C2290>]}


============================== 12:10:13.363045 | d741203e-3b91-42c2-9cb8-2ff26556066d ==============================
[0m12:10:13.363045 [info ] [MainThread]: Running with dbt=1.6.6
[0m12:10:13.364021 [debug] [MainThread]: running dbt with arguments {'printer_width': '80', 'indirect_selection': 'eager', 'write_json': 'True', 'log_cache_events': 'False', 'partial_parse': 'True', 'cache_selected_only': 'False', 'profiles_dir': 'C:\\Users\\anaregud\\PycharmProjects\\dbt_snowflake', 'version_check': 'True', 'debug': 'False', 'log_path': 'C:\\Users\\anaregud\\PycharmProjects\\dbt_snowflake\\logs', 'fail_fast': 'False', 'warn_error': 'None', 'use_colors': 'True', 'use_experimental_parser': 'False', 'no_print': 'None', 'quiet': 'False', 'warn_error_options': 'WarnErrorOptions(include=[], exclude=[])', 'static_parser': 'True', 'introspect': 'True', 'log_format': 'default', 'target_path': 'None', 'invocation_command': 'dbt run', 'send_anonymous_usage_stats': 'True'}
[0m12:10:13.369026 [error] [MainThread]: Encountered an error:
Runtime Error
  Could not find profile named 'snowflake'
[0m12:10:13.370053 [debug] [MainThread]: Command `dbt run` failed at 12:10:13.370053 after 0.10 seconds
[0m12:10:13.370053 [debug] [MainThread]: Sending event: {'category': 'dbt', 'action': 'invocation', 'label': 'end', 'context': [<snowplow_tracker.self_describing_json.SelfDescribingJson object at 0x0000020F3117E390>, <snowplow_tracker.self_describing_json.SelfDescribingJson object at 0x0000020F30CBC150>, <snowplow_tracker.self_describing_json.SelfDescribingJson object at 0x0000020F30C56F90>]}
[0m12:10:13.371038 [debug] [MainThread]: Flushing usage events
[0m12:10:57.605102 [debug] [MainThread]: Sending event: {'category': 'dbt', 'action': 'invocation', 'label': 'start', 'context': [<snowplow_tracker.self_describing_json.SelfDescribingJson object at 0x000001E767363890>, <snowplow_tracker.self_describing_json.SelfDescribingJson object at 0x000001E7670A2B10>, <snowplow_tracker.self_describing_json.SelfDescribingJson object at 0x000001E767381890>]}


============================== 12:10:57.609137 | 5311d936-d638-4e0f-a0fc-a41416a2984e ==============================
[0m12:10:57.609137 [info ] [MainThread]: Running with dbt=1.6.6
[0m12:10:57.611058 [debug] [MainThread]: running dbt with arguments {'printer_width': '80', 'indirect_selection': 'eager', 'log_cache_events': 'False', 'write_json': 'True', 'partial_parse': 'True', 'cache_selected_only': 'False', 'warn_error': 'None', 'fail_fast': 'False', 'profiles_dir': 'C:\\Users\\anaregud\\PycharmProjects\\dbt_snowflake', 'log_path': 'C:\\Users\\anaregud\\PycharmProjects\\dbt_snowflake\\logs', 'debug': 'False', 'version_check': 'True', 'use_colors': 'True', 'use_experimental_parser': 'False', 'no_print': 'None', 'quiet': 'False', 'log_format': 'default', 'introspect': 'True', 'static_parser': 'True', 'invocation_command': 'dbt run', 'target_path': 'None', 'warn_error_options': 'WarnErrorOptions(include=[], exclude=[])', 'send_anonymous_usage_stats': 'True'}
[0m12:10:57.614139 [error] [MainThread]: Encountered an error:
Runtime Error
  Could not find profile named 'snowflake'
[0m12:10:57.615166 [debug] [MainThread]: Command `dbt run` failed at 12:10:57.615166 after 0.12 seconds
[0m12:10:57.616170 [debug] [MainThread]: Sending event: {'category': 'dbt', 'action': 'invocation', 'label': 'end', 'context': [<snowplow_tracker.self_describing_json.SelfDescribingJson object at 0x000001E767363C10>, <snowplow_tracker.self_describing_json.SelfDescribingJson object at 0x000001E767361AD0>, <snowplow_tracker.self_describing_json.SelfDescribingJson object at 0x000001E767402DD0>]}
[0m12:10:57.616170 [debug] [MainThread]: Flushing usage events
[0m12:16:05.210174 [debug] [MainThread]: Sending event: {'category': 'dbt', 'action': 'invocation', 'label': 'start', 'context': [<snowplow_tracker.self_describing_json.SelfDescribingJson object at 0x00000248626B4A10>, <snowplow_tracker.self_describing_json.SelfDescribingJson object at 0x0000024862116D50>, <snowplow_tracker.self_describing_json.SelfDescribingJson object at 0x0000024861F18190>]}


============================== 12:16:05.214209 | 545cb8ba-5d7a-4390-826b-a0f28831c3cc ==============================
[0m12:16:05.214209 [info ] [MainThread]: Running with dbt=1.6.6
[0m12:16:05.215095 [debug] [MainThread]: running dbt with arguments {'printer_width': '80', 'indirect_selection': 'eager', 'write_json': 'True', 'log_cache_events': 'False', 'partial_parse': 'True', 'cache_selected_only': 'False', 'profiles_dir': '.', 'fail_fast': 'False', 'warn_error': 'None', 'log_path': 'C:\\Users\\anaregud\\PycharmProjects\\dbt_snowflake\\logs', 'version_check': 'True', 'debug': 'False', 'use_colors': 'True', 'use_experimental_parser': 'False', 'no_print': 'None', 'quiet': 'False', 'warn_error_options': 'WarnErrorOptions(include=[], exclude=[])', 'introspect': 'True', 'log_format': 'default', 'static_parser': 'True', 'target_path': 'None', 'invocation_command': 'dbt debug --profiles-dir .', 'send_anonymous_usage_stats': 'True'}
[0m12:16:05.216088 [info ] [MainThread]: dbt version: 1.6.6
[0m12:16:05.216706 [info ] [MainThread]: python version: 3.11.1
[0m12:16:05.217471 [info ] [MainThread]: python path: C:\Program Files\Python311\python.exe
[0m12:16:05.218238 [info ] [MainThread]: os info: Windows-10-10.0.22621-SP0
[0m12:16:05.218979 [info ] [MainThread]: Using profiles dir at .
[0m12:16:05.219774 [info ] [MainThread]: Using profiles.yml file at .\profiles.yml
[0m12:16:05.220983 [info ] [MainThread]: Using dbt_project.yml file at C:\Users\anaregud\PycharmProjects\dbt_snowflake\dbt_project.yml
[0m12:16:05.241646 [info ] [MainThread]: Configuration:
[0m12:16:05.242663 [info ] [MainThread]:   profiles.yml file [[31mERROR not found[0m]
[0m12:16:05.243635 [info ] [MainThread]:   dbt_project.yml file [[32mOK found and valid[0m]
[0m12:16:05.244645 [info ] [MainThread]: Required dependencies:
[0m12:16:05.244645 [debug] [MainThread]: Executing "git --help"
[0m12:16:05.350222 [debug] [MainThread]: STDOUT: "b"usage: git [-v | --version] [-h | --help] [-C <path>] [-c <name>=<value>]\n           [--exec-path[=<path>]] [--html-path] [--man-path] [--info-path]\n           [-p | --paginate | -P | --no-pager] [--no-replace-objects] [--bare]\n           [--git-dir=<path>] [--work-tree=<path>] [--namespace=<name>]\n           [--super-prefix=<path>] [--config-env=<name>=<envvar>]\n           <command> [<args>]\n\nThese are common Git commands used in various situations:\n\nstart a working area (see also: git help tutorial)\n   clone     Clone a repository into a new directory\n   init      Create an empty Git repository or reinitialize an existing one\n\nwork on the current change (see also: git help everyday)\n   add       Add file contents to the index\n   mv        Move or rename a file, a directory, or a symlink\n   restore   Restore working tree files\n   rm        Remove files from the working tree and from the index\n\nexamine the history and state (see also: git help revisions)\n   bisect    Use binary search to find the commit that introduced a bug\n   diff      Show changes between commits, commit and working tree, etc\n   grep      Print lines matching a pattern\n   log       Show commit logs\n   show      Show various types of objects\n   status    Show the working tree status\n\ngrow, mark and tweak your common history\n   branch    List, create, or delete branches\n   commit    Record changes to the repository\n   merge     Join two or more development histories together\n   rebase    Reapply commits on top of another base tip\n   reset     Reset current HEAD to the specified state\n   switch    Switch branches\n   tag       Create, list, delete or verify a tag object signed with GPG\n\ncollaborate (see also: git help workflows)\n   fetch     Download objects and refs from another repository\n   pull      Fetch from and integrate with another repository or a local branch\n   push      Update remote refs along with associated objects\n\n'git help -a' and 'git help -g' list available subcommands and some\nconcept guides. See 'git help <command>' or 'git help <concept>'\nto read about a specific subcommand or concept.\nSee 'git help git' for an overview of the system.\n""
[0m12:16:05.351311 [debug] [MainThread]: STDERR: "b''"
[0m12:16:05.352415 [info ] [MainThread]:  - git [[32mOK found[0m]

[0m12:16:05.352415 [info ] [MainThread]: Connection test skipped since no profile was found
[0m12:16:05.353538 [info ] [MainThread]: [31m1 check failed:[0m
[0m12:16:05.353538 [info ] [MainThread]: dbt looked for a profiles.yml file in .\profiles.yml, but did
not find one. For more information on configuring your profile, consult the
documentation:

https://docs.getdbt.com/docs/configure-your-profile


[0m12:16:05.354565 [debug] [MainThread]: Command `dbt debug` failed at 12:16:05.354565 after 0.23 seconds
[0m12:16:05.355578 [debug] [MainThread]: Sending event: {'category': 'dbt', 'action': 'invocation', 'label': 'end', 'context': [<snowplow_tracker.self_describing_json.SelfDescribingJson object at 0x0000024861FC2E50>, <snowplow_tracker.self_describing_json.SelfDescribingJson object at 0x00000248624FAA10>, <snowplow_tracker.self_describing_json.SelfDescribingJson object at 0x000002485F66A6D0>]}
[0m12:16:05.355578 [debug] [MainThread]: Flushing usage events
[0m12:16:38.067441 [debug] [MainThread]: Sending event: {'category': 'dbt', 'action': 'invocation', 'label': 'start', 'context': [<snowplow_tracker.self_describing_json.SelfDescribingJson object at 0x000002C439B55350>, <snowplow_tracker.self_describing_json.SelfDescribingJson object at 0x000002C439E72390>, <snowplow_tracker.self_describing_json.SelfDescribingJson object at 0x000002C439ECDD10>]}


============================== 12:16:38.070444 | 50c425eb-1e0d-434d-8067-c21d586a1c1f ==============================
[0m12:16:38.070444 [info ] [MainThread]: Running with dbt=1.6.6
[0m12:16:38.071676 [debug] [MainThread]: running dbt with arguments {'printer_width': '80', 'indirect_selection': 'eager', 'write_json': 'True', 'log_cache_events': 'False', 'partial_parse': 'True', 'cache_selected_only': 'False', 'profiles_dir': '.', 'fail_fast': 'False', 'debug': 'False', 'log_path': 'C:\\Users\\anaregud\\PycharmProjects\\dbt_snowflake\\logs', 'warn_error': 'None', 'version_check': 'True', 'use_colors': 'True', 'use_experimental_parser': 'False', 'no_print': 'None', 'quiet': 'False', 'log_format': 'default', 'invocation_command': 'dbt debug --profiles-dir .', 'introspect': 'True', 'warn_error_options': 'WarnErrorOptions(include=[], exclude=[])', 'target_path': 'None', 'static_parser': 'True', 'send_anonymous_usage_stats': 'True'}
[0m12:16:38.072782 [info ] [MainThread]: dbt version: 1.6.6
[0m12:16:38.073730 [info ] [MainThread]: python version: 3.11.1
[0m12:16:38.074702 [info ] [MainThread]: python path: C:\Program Files\Python311\python.exe
[0m12:16:38.075679 [info ] [MainThread]: os info: Windows-10-10.0.22621-SP0
[0m12:16:38.080763 [info ] [MainThread]: Using profiles dir at .
[0m12:16:38.081679 [info ] [MainThread]: Using profiles.yml file at .\profiles.yml
[0m12:16:38.082705 [info ] [MainThread]: Using dbt_project.yml file at C:\Users\anaregud\PycharmProjects\dbt_snowflake\dbt_project.yml
[0m12:16:38.106688 [info ] [MainThread]: Configuration:
[0m12:16:38.107611 [info ] [MainThread]:   profiles.yml file [[31mERROR invalid[0m]
[0m12:16:38.108640 [info ] [MainThread]:   dbt_project.yml file [[32mOK found and valid[0m]
[0m12:16:38.109612 [info ] [MainThread]: Required dependencies:
[0m12:16:38.110614 [debug] [MainThread]: Executing "git --help"
[0m12:16:38.201279 [debug] [MainThread]: STDOUT: "b"usage: git [-v | --version] [-h | --help] [-C <path>] [-c <name>=<value>]\n           [--exec-path[=<path>]] [--html-path] [--man-path] [--info-path]\n           [-p | --paginate | -P | --no-pager] [--no-replace-objects] [--bare]\n           [--git-dir=<path>] [--work-tree=<path>] [--namespace=<name>]\n           [--super-prefix=<path>] [--config-env=<name>=<envvar>]\n           <command> [<args>]\n\nThese are common Git commands used in various situations:\n\nstart a working area (see also: git help tutorial)\n   clone     Clone a repository into a new directory\n   init      Create an empty Git repository or reinitialize an existing one\n\nwork on the current change (see also: git help everyday)\n   add       Add file contents to the index\n   mv        Move or rename a file, a directory, or a symlink\n   restore   Restore working tree files\n   rm        Remove files from the working tree and from the index\n\nexamine the history and state (see also: git help revisions)\n   bisect    Use binary search to find the commit that introduced a bug\n   diff      Show changes between commits, commit and working tree, etc\n   grep      Print lines matching a pattern\n   log       Show commit logs\n   show      Show various types of objects\n   status    Show the working tree status\n\ngrow, mark and tweak your common history\n   branch    List, create, or delete branches\n   commit    Record changes to the repository\n   merge     Join two or more development histories together\n   rebase    Reapply commits on top of another base tip\n   reset     Reset current HEAD to the specified state\n   switch    Switch branches\n   tag       Create, list, delete or verify a tag object signed with GPG\n\ncollaborate (see also: git help workflows)\n   fetch     Download objects and refs from another repository\n   pull      Fetch from and integrate with another repository or a local branch\n   push      Update remote refs along with associated objects\n\n'git help -a' and 'git help -g' list available subcommands and some\nconcept guides. See 'git help <command>' or 'git help <concept>'\nto read about a specific subcommand or concept.\nSee 'git help git' for an overview of the system.\n""
[0m12:16:38.203280 [debug] [MainThread]: STDERR: "b''"
[0m12:16:38.203280 [info ] [MainThread]:  - git [[32mOK found[0m]

[0m12:16:38.205281 [info ] [MainThread]: Connection test skipped since no profile was found
[0m12:16:38.205281 [info ] [MainThread]: [31m1 check failed:[0m
[0m12:16:38.206279 [info ] [MainThread]: Profile loading failed for the following reason:
Runtime Error
  Could not find profile named 'snowflake'


[0m12:16:38.207280 [debug] [MainThread]: Command `dbt debug` failed at 12:16:38.207280 after 0.24 seconds
[0m12:16:38.208279 [debug] [MainThread]: Sending event: {'category': 'dbt', 'action': 'invocation', 'label': 'end', 'context': [<snowplow_tracker.self_describing_json.SelfDescribingJson object at 0x000002C439E72590>, <snowplow_tracker.self_describing_json.SelfDescribingJson object at 0x000002C439B1A950>, <snowplow_tracker.self_describing_json.SelfDescribingJson object at 0x000002C439B60AD0>]}
[0m12:16:38.208279 [debug] [MainThread]: Flushing usage events
[0m12:17:07.945805 [debug] [MainThread]: Sending event: {'category': 'dbt', 'action': 'invocation', 'label': 'start', 'context': [<snowplow_tracker.self_describing_json.SelfDescribingJson object at 0x000001E54D8138D0>, <snowplow_tracker.self_describing_json.SelfDescribingJson object at 0x000001E54D4CB410>, <snowplow_tracker.self_describing_json.SelfDescribingJson object at 0x000001E54DC65F90>]}


============================== 12:17:07.949719 | f999335e-f764-4b47-9b87-d8587a541cbc ==============================
[0m12:17:07.949719 [info ] [MainThread]: Running with dbt=1.6.6
[0m12:17:07.950426 [debug] [MainThread]: running dbt with arguments {'printer_width': '80', 'indirect_selection': 'eager', 'write_json': 'True', 'log_cache_events': 'False', 'partial_parse': 'True', 'cache_selected_only': 'False', 'profiles_dir': '.', 'fail_fast': 'False', 'debug': 'False', 'log_path': 'C:\\Users\\anaregud\\PycharmProjects\\dbt_snowflake\\logs', 'warn_error': 'None', 'version_check': 'True', 'use_colors': 'True', 'use_experimental_parser': 'False', 'no_print': 'None', 'quiet': 'False', 'log_format': 'default', 'introspect': 'True', 'warn_error_options': 'WarnErrorOptions(include=[], exclude=[])', 'invocation_command': 'dbt debug --profiles-dir .', 'target_path': 'None', 'static_parser': 'True', 'send_anonymous_usage_stats': 'True'}
[0m12:17:07.951440 [info ] [MainThread]: dbt version: 1.6.6
[0m12:17:07.952625 [info ] [MainThread]: python version: 3.11.1
[0m12:17:07.953541 [info ] [MainThread]: python path: C:\Program Files\Python311\python.exe
[0m12:17:07.954422 [info ] [MainThread]: os info: Windows-10-10.0.22621-SP0
[0m12:17:07.960424 [info ] [MainThread]: Using profiles dir at .
[0m12:17:07.960978 [info ] [MainThread]: Using profiles.yml file at .\profiles.yml
[0m12:17:07.961932 [info ] [MainThread]: Using dbt_project.yml file at C:\Users\anaregud\PycharmProjects\dbt_snowflake\dbt_project.yml
[0m12:17:07.980813 [info ] [MainThread]: Configuration:
[0m12:17:07.982126 [info ] [MainThread]:   profiles.yml file [[31mERROR invalid[0m]
[0m12:17:07.983192 [info ] [MainThread]:   dbt_project.yml file [[32mOK found and valid[0m]
[0m12:17:07.984089 [info ] [MainThread]: Required dependencies:
[0m12:17:07.985093 [debug] [MainThread]: Executing "git --help"
[0m12:17:08.077492 [debug] [MainThread]: STDOUT: "b"usage: git [-v | --version] [-h | --help] [-C <path>] [-c <name>=<value>]\n           [--exec-path[=<path>]] [--html-path] [--man-path] [--info-path]\n           [-p | --paginate | -P | --no-pager] [--no-replace-objects] [--bare]\n           [--git-dir=<path>] [--work-tree=<path>] [--namespace=<name>]\n           [--super-prefix=<path>] [--config-env=<name>=<envvar>]\n           <command> [<args>]\n\nThese are common Git commands used in various situations:\n\nstart a working area (see also: git help tutorial)\n   clone     Clone a repository into a new directory\n   init      Create an empty Git repository or reinitialize an existing one\n\nwork on the current change (see also: git help everyday)\n   add       Add file contents to the index\n   mv        Move or rename a file, a directory, or a symlink\n   restore   Restore working tree files\n   rm        Remove files from the working tree and from the index\n\nexamine the history and state (see also: git help revisions)\n   bisect    Use binary search to find the commit that introduced a bug\n   diff      Show changes between commits, commit and working tree, etc\n   grep      Print lines matching a pattern\n   log       Show commit logs\n   show      Show various types of objects\n   status    Show the working tree status\n\ngrow, mark and tweak your common history\n   branch    List, create, or delete branches\n   commit    Record changes to the repository\n   merge     Join two or more development histories together\n   rebase    Reapply commits on top of another base tip\n   reset     Reset current HEAD to the specified state\n   switch    Switch branches\n   tag       Create, list, delete or verify a tag object signed with GPG\n\ncollaborate (see also: git help workflows)\n   fetch     Download objects and refs from another repository\n   pull      Fetch from and integrate with another repository or a local branch\n   push      Update remote refs along with associated objects\n\n'git help -a' and 'git help -g' list available subcommands and some\nconcept guides. See 'git help <command>' or 'git help <concept>'\nto read about a specific subcommand or concept.\nSee 'git help git' for an overview of the system.\n""
[0m12:17:08.077492 [debug] [MainThread]: STDERR: "b''"
[0m12:17:08.078493 [info ] [MainThread]:  - git [[32mOK found[0m]

[0m12:17:08.079197 [info ] [MainThread]: Connection test skipped since no profile was found
[0m12:17:08.080267 [info ] [MainThread]: [31m1 check failed:[0m
[0m12:17:08.081212 [info ] [MainThread]: Profile loading failed for the following reason:
Runtime Error
  Could not find profile named 'snowflake'


[0m12:17:08.082357 [debug] [MainThread]: Command `dbt debug` failed at 12:17:08.082357 after 0.24 seconds
[0m12:17:08.083210 [debug] [MainThread]: Sending event: {'category': 'dbt', 'action': 'invocation', 'label': 'end', 'context': [<snowplow_tracker.self_describing_json.SelfDescribingJson object at 0x000001E546A39C10>, <snowplow_tracker.self_describing_json.SelfDescribingJson object at 0x000001E54DC65F90>, <snowplow_tracker.self_describing_json.SelfDescribingJson object at 0x000001E54DC65D10>]}
[0m12:17:08.083210 [debug] [MainThread]: Flushing usage events
[0m12:18:51.475330 [debug] [MainThread]: Sending event: {'category': 'dbt', 'action': 'invocation', 'label': 'start', 'context': [<snowplow_tracker.self_describing_json.SelfDescribingJson object at 0x000001575DFC0CD0>, <snowplow_tracker.self_describing_json.SelfDescribingJson object at 0x000001575E32E8D0>, <snowplow_tracker.self_describing_json.SelfDescribingJson object at 0x000001575E238190>]}


============================== 12:18:51.478321 | 1432e588-0ebf-4f67-b5e6-be2d83ba88b9 ==============================
[0m12:18:51.478321 [info ] [MainThread]: Running with dbt=1.6.6
[0m12:18:51.479776 [debug] [MainThread]: running dbt with arguments {'printer_width': '80', 'indirect_selection': 'eager', 'log_cache_events': 'False', 'write_json': 'True', 'partial_parse': 'True', 'cache_selected_only': 'False', 'warn_error': 'None', 'fail_fast': 'False', 'profiles_dir': '.', 'log_path': 'C:\\Users\\anaregud\\PycharmProjects\\dbt_snowflake\\logs', 'version_check': 'True', 'debug': 'False', 'use_colors': 'True', 'use_experimental_parser': 'False', 'no_print': 'None', 'quiet': 'False', 'log_format': 'default', 'invocation_command': 'dbt debug --profiles-dir .', 'static_parser': 'True', 'introspect': 'True', 'target_path': 'None', 'warn_error_options': 'WarnErrorOptions(include=[], exclude=[])', 'send_anonymous_usage_stats': 'True'}
[0m12:18:51.480857 [info ] [MainThread]: dbt version: 1.6.6
[0m12:18:51.481779 [info ] [MainThread]: python version: 3.11.1
[0m12:18:51.482818 [info ] [MainThread]: python path: C:\Program Files\Python311\python.exe
[0m12:18:51.483802 [info ] [MainThread]: os info: Windows-10-10.0.22621-SP0
[0m12:18:51.757581 [info ] [MainThread]: Using profiles dir at .
[0m12:18:51.758665 [info ] [MainThread]: Using profiles.yml file at .\profiles.yml
[0m12:18:51.760503 [info ] [MainThread]: Using dbt_project.yml file at C:\Users\anaregud\PycharmProjects\dbt_snowflake\dbt_project.yml
[0m12:18:51.761508 [info ] [MainThread]: adapter type: snowflake
[0m12:18:51.762543 [info ] [MainThread]: adapter version: 1.6.4
[0m12:18:51.780584 [info ] [MainThread]: Configuration:
[0m12:18:51.781506 [info ] [MainThread]:   profiles.yml file [[32mOK found and valid[0m]
[0m12:18:51.783954 [info ] [MainThread]:   dbt_project.yml file [[32mOK found and valid[0m]
[0m12:18:51.787987 [info ] [MainThread]: Required dependencies:
[0m12:18:51.790984 [debug] [MainThread]: Executing "git --help"
[0m12:18:51.892047 [debug] [MainThread]: STDOUT: "b"usage: git [-v | --version] [-h | --help] [-C <path>] [-c <name>=<value>]\n           [--exec-path[=<path>]] [--html-path] [--man-path] [--info-path]\n           [-p | --paginate | -P | --no-pager] [--no-replace-objects] [--bare]\n           [--git-dir=<path>] [--work-tree=<path>] [--namespace=<name>]\n           [--super-prefix=<path>] [--config-env=<name>=<envvar>]\n           <command> [<args>]\n\nThese are common Git commands used in various situations:\n\nstart a working area (see also: git help tutorial)\n   clone     Clone a repository into a new directory\n   init      Create an empty Git repository or reinitialize an existing one\n\nwork on the current change (see also: git help everyday)\n   add       Add file contents to the index\n   mv        Move or rename a file, a directory, or a symlink\n   restore   Restore working tree files\n   rm        Remove files from the working tree and from the index\n\nexamine the history and state (see also: git help revisions)\n   bisect    Use binary search to find the commit that introduced a bug\n   diff      Show changes between commits, commit and working tree, etc\n   grep      Print lines matching a pattern\n   log       Show commit logs\n   show      Show various types of objects\n   status    Show the working tree status\n\ngrow, mark and tweak your common history\n   branch    List, create, or delete branches\n   commit    Record changes to the repository\n   merge     Join two or more development histories together\n   rebase    Reapply commits on top of another base tip\n   reset     Reset current HEAD to the specified state\n   switch    Switch branches\n   tag       Create, list, delete or verify a tag object signed with GPG\n\ncollaborate (see also: git help workflows)\n   fetch     Download objects and refs from another repository\n   pull      Fetch from and integrate with another repository or a local branch\n   push      Update remote refs along with associated objects\n\n'git help -a' and 'git help -g' list available subcommands and some\nconcept guides. See 'git help <command>' or 'git help <concept>'\nto read about a specific subcommand or concept.\nSee 'git help git' for an overview of the system.\n""
[0m12:18:51.893018 [debug] [MainThread]: STDERR: "b''"
[0m12:18:51.894046 [info ] [MainThread]:  - git [[32mOK found[0m]

[0m12:18:51.895025 [info ] [MainThread]: Connection:
[0m12:18:51.896046 [info ] [MainThread]:   account: https://axxlqaw-ye28391.snowflakecomputing.com
[0m12:18:51.896046 [info ] [MainThread]:   user: lionman
[0m12:18:51.897177 [info ] [MainThread]:   database: DBT_PROJECT
[0m12:18:51.897821 [info ] [MainThread]:   warehouse: COMPUTE_WH
[0m12:18:51.898489 [info ] [MainThread]:   role: ACCOUNTADMIN
[0m12:18:51.899145 [info ] [MainThread]:   schema: DEV
[0m12:18:51.900148 [info ] [MainThread]:   authenticator: None
[0m12:18:51.900807 [info ] [MainThread]:   private_key_path: None
[0m12:18:51.901810 [info ] [MainThread]:   token: None
[0m12:18:51.902315 [info ] [MainThread]:   oauth_client_id: None
[0m12:18:51.902855 [info ] [MainThread]:   query_tag: None
[0m12:18:51.903515 [info ] [MainThread]:   client_session_keep_alive: False
[0m12:18:51.904187 [info ] [MainThread]:   host: None
[0m12:18:51.904881 [info ] [MainThread]:   port: None
[0m12:18:51.904881 [info ] [MainThread]:   proxy_host: None
[0m12:18:51.906191 [info ] [MainThread]:   proxy_port: None
[0m12:18:51.907447 [info ] [MainThread]:   protocol: None
[0m12:18:51.908452 [info ] [MainThread]:   connect_retries: 0
[0m12:18:51.909746 [info ] [MainThread]:   connect_timeout: 10
[0m12:18:51.910750 [info ] [MainThread]:   retry_on_database_errors: False
[0m12:18:51.911839 [info ] [MainThread]:   retry_all: False
[0m12:18:51.911839 [info ] [MainThread]:   insecure_mode: False
[0m12:18:51.911839 [info ] [MainThread]:   reuse_connections: False
[0m12:18:51.913295 [info ] [MainThread]: Registered adapter: snowflake=1.6.4
[0m12:18:51.913826 [debug] [MainThread]: Acquiring new snowflake connection 'debug'
[0m12:18:51.914836 [debug] [MainThread]: Using snowflake connection "debug"
[0m12:18:51.914836 [debug] [MainThread]: On debug: select 1 as id
[0m12:18:51.915834 [debug] [MainThread]: Opening a new connection, currently in state init
[0m12:19:04.125636 [debug] [MainThread]: Snowflake adapter: Error running SQL: select 1 as id
[0m12:19:04.127632 [debug] [MainThread]: Snowflake adapter: Rolling back transaction.
[0m12:19:04.128638 [debug] [MainThread]: On debug: No close available on handle
[0m12:19:04.129563 [info ] [MainThread]:   Connection test: [[31mERROR[0m]

[0m12:19:04.131643 [info ] [MainThread]: [31m1 check failed:[0m
[0m12:19:04.133557 [info ] [MainThread]: dbt was unable to connect to the specified database.
The database returned the following error:

  >Database Error
  250001: Could not connect to Snowflake backend after 1 attempt(s).Aborting

Check your database credentials and try again. For more information, visit:
https://docs.getdbt.com/docs/configure-your-profile


[0m12:19:04.135564 [debug] [MainThread]: Command `dbt debug` failed at 12:19:04.135564 after 12.76 seconds
[0m12:19:04.136640 [debug] [MainThread]: Connection 'debug' was properly closed.
[0m12:19:04.137638 [debug] [MainThread]: Sending event: {'category': 'dbt', 'action': 'invocation', 'label': 'end', 'context': [<snowplow_tracker.self_describing_json.SelfDescribingJson object at 0x000001575E2337D0>, <snowplow_tracker.self_describing_json.SelfDescribingJson object at 0x000001575F209090>, <snowplow_tracker.self_describing_json.SelfDescribingJson object at 0x000001575F22F590>]}
[0m12:19:04.138662 [debug] [MainThread]: Flushing usage events
[0m12:20:34.630995 [debug] [MainThread]: Sending event: {'category': 'dbt', 'action': 'invocation', 'label': 'start', 'context': [<snowplow_tracker.self_describing_json.SelfDescribingJson object at 0x0000026101DF42D0>, <snowplow_tracker.self_describing_json.SelfDescribingJson object at 0x0000026101D28190>, <snowplow_tracker.self_describing_json.SelfDescribingJson object at 0x0000026101D4F410>]}


============================== 12:20:34.635001 | 8e593513-b496-4084-9ad1-e80dcaa6d282 ==============================
[0m12:20:34.635001 [info ] [MainThread]: Running with dbt=1.6.6
[0m12:20:34.636992 [debug] [MainThread]: running dbt with arguments {'printer_width': '80', 'indirect_selection': 'eager', 'log_cache_events': 'False', 'write_json': 'True', 'partial_parse': 'True', 'cache_selected_only': 'False', 'warn_error': 'None', 'version_check': 'True', 'profiles_dir': '.', 'log_path': 'C:\\Users\\anaregud\\PycharmProjects\\dbt_snowflake\\logs', 'debug': 'False', 'fail_fast': 'False', 'use_colors': 'True', 'use_experimental_parser': 'False', 'no_print': 'None', 'quiet': 'False', 'log_format': 'default', 'invocation_command': 'dbt debug --profiles-dir .', 'warn_error_options': 'WarnErrorOptions(include=[], exclude=[])', 'introspect': 'True', 'target_path': 'None', 'static_parser': 'True', 'send_anonymous_usage_stats': 'True'}
[0m12:20:34.636992 [info ] [MainThread]: dbt version: 1.6.6
[0m12:20:34.638066 [info ] [MainThread]: python version: 3.11.1
[0m12:20:34.638994 [info ] [MainThread]: python path: C:\Program Files\Python311\python.exe
[0m12:20:34.640150 [info ] [MainThread]: os info: Windows-10-10.0.22621-SP0
[0m12:20:34.914694 [info ] [MainThread]: Using profiles dir at .
[0m12:20:34.916697 [info ] [MainThread]: Using profiles.yml file at .\profiles.yml
[0m12:20:34.917306 [info ] [MainThread]: Using dbt_project.yml file at C:\Users\anaregud\PycharmProjects\dbt_snowflake\dbt_project.yml
[0m12:20:34.919359 [info ] [MainThread]: adapter type: snowflake
[0m12:20:34.920316 [info ] [MainThread]: adapter version: 1.6.4
[0m12:20:34.938883 [info ] [MainThread]: Configuration:
[0m12:20:34.940020 [info ] [MainThread]:   profiles.yml file [[32mOK found and valid[0m]
[0m12:20:34.941124 [info ] [MainThread]:   dbt_project.yml file [[32mOK found and valid[0m]
[0m12:20:34.942277 [info ] [MainThread]: Required dependencies:
[0m12:20:34.943312 [debug] [MainThread]: Executing "git --help"
[0m12:20:35.051935 [debug] [MainThread]: STDOUT: "b"usage: git [-v | --version] [-h | --help] [-C <path>] [-c <name>=<value>]\n           [--exec-path[=<path>]] [--html-path] [--man-path] [--info-path]\n           [-p | --paginate | -P | --no-pager] [--no-replace-objects] [--bare]\n           [--git-dir=<path>] [--work-tree=<path>] [--namespace=<name>]\n           [--super-prefix=<path>] [--config-env=<name>=<envvar>]\n           <command> [<args>]\n\nThese are common Git commands used in various situations:\n\nstart a working area (see also: git help tutorial)\n   clone     Clone a repository into a new directory\n   init      Create an empty Git repository or reinitialize an existing one\n\nwork on the current change (see also: git help everyday)\n   add       Add file contents to the index\n   mv        Move or rename a file, a directory, or a symlink\n   restore   Restore working tree files\n   rm        Remove files from the working tree and from the index\n\nexamine the history and state (see also: git help revisions)\n   bisect    Use binary search to find the commit that introduced a bug\n   diff      Show changes between commits, commit and working tree, etc\n   grep      Print lines matching a pattern\n   log       Show commit logs\n   show      Show various types of objects\n   status    Show the working tree status\n\ngrow, mark and tweak your common history\n   branch    List, create, or delete branches\n   commit    Record changes to the repository\n   merge     Join two or more development histories together\n   rebase    Reapply commits on top of another base tip\n   reset     Reset current HEAD to the specified state\n   switch    Switch branches\n   tag       Create, list, delete or verify a tag object signed with GPG\n\ncollaborate (see also: git help workflows)\n   fetch     Download objects and refs from another repository\n   pull      Fetch from and integrate with another repository or a local branch\n   push      Update remote refs along with associated objects\n\n'git help -a' and 'git help -g' list available subcommands and some\nconcept guides. See 'git help <command>' or 'git help <concept>'\nto read about a specific subcommand or concept.\nSee 'git help git' for an overview of the system.\n""
[0m12:20:35.052963 [debug] [MainThread]: STDERR: "b''"
[0m12:20:35.052963 [info ] [MainThread]:  - git [[32mOK found[0m]

[0m12:20:35.053844 [info ] [MainThread]: Connection:
[0m12:20:35.054954 [info ] [MainThread]:   account: axxlqaw-ye28391
[0m12:20:35.055957 [info ] [MainThread]:   user: lionman
[0m12:20:35.056957 [info ] [MainThread]:   database: DBT_PROJECT
[0m12:20:35.057396 [info ] [MainThread]:   warehouse: COMPUTE_WH
[0m12:20:35.058398 [info ] [MainThread]:   role: ACCOUNTADMIN
[0m12:20:35.059413 [info ] [MainThread]:   schema: DEV
[0m12:20:35.060424 [info ] [MainThread]:   authenticator: None
[0m12:20:35.061400 [info ] [MainThread]:   private_key_path: None
[0m12:20:35.062439 [info ] [MainThread]:   token: None
[0m12:20:35.063403 [info ] [MainThread]:   oauth_client_id: None
[0m12:20:35.064410 [info ] [MainThread]:   query_tag: None
[0m12:20:35.065427 [info ] [MainThread]:   client_session_keep_alive: False
[0m12:20:35.066525 [info ] [MainThread]:   host: None
[0m12:20:35.067418 [info ] [MainThread]:   port: None
[0m12:20:35.068369 [info ] [MainThread]:   proxy_host: None
[0m12:20:35.069050 [info ] [MainThread]:   proxy_port: None
[0m12:20:35.069727 [info ] [MainThread]:   protocol: None
[0m12:20:35.070560 [info ] [MainThread]:   connect_retries: 0
[0m12:20:35.071296 [info ] [MainThread]:   connect_timeout: 10
[0m12:20:35.072020 [info ] [MainThread]:   retry_on_database_errors: False
[0m12:20:35.072757 [info ] [MainThread]:   retry_all: False
[0m12:20:35.073495 [info ] [MainThread]:   insecure_mode: False
[0m12:20:35.073495 [info ] [MainThread]:   reuse_connections: False
[0m12:20:35.074763 [info ] [MainThread]: Registered adapter: snowflake=1.6.4
[0m12:20:35.077173 [debug] [MainThread]: Acquiring new snowflake connection 'debug'
[0m12:20:35.077173 [debug] [MainThread]: Using snowflake connection "debug"
[0m12:20:35.078173 [debug] [MainThread]: On debug: select 1 as id
[0m12:20:35.078173 [debug] [MainThread]: Opening a new connection, currently in state init
[0m12:20:36.952440 [debug] [MainThread]: SQL status: SUCCESS 1 in 2.0 seconds
[0m12:20:36.957399 [debug] [MainThread]: On debug: Close
[0m12:20:37.518156 [info ] [MainThread]:   Connection test: [[32mOK connection ok[0m]

[0m12:20:37.520751 [info ] [MainThread]: [32mAll checks passed![0m
[0m12:20:37.522832 [debug] [MainThread]: Command `dbt debug` succeeded at 12:20:37.522832 after 2.99 seconds
[0m12:20:37.523830 [debug] [MainThread]: Connection 'debug' was properly closed.
[0m12:20:37.524830 [debug] [MainThread]: Sending event: {'category': 'dbt', 'action': 'invocation', 'label': 'end', 'context': [<snowplow_tracker.self_describing_json.SelfDescribingJson object at 0x0000026102024150>, <snowplow_tracker.self_describing_json.SelfDescribingJson object at 0x000002617FB7E410>, <snowplow_tracker.self_describing_json.SelfDescribingJson object at 0x000002610220E510>]}
[0m12:20:37.525828 [debug] [MainThread]: Flushing usage events
[0m12:24:10.877197 [debug] [MainThread]: Sending event: {'category': 'dbt', 'action': 'invocation', 'label': 'start', 'context': [<snowplow_tracker.self_describing_json.SelfDescribingJson object at 0x000001EDCC542090>, <snowplow_tracker.self_describing_json.SelfDescribingJson object at 0x000001EDCC543A50>, <snowplow_tracker.self_describing_json.SelfDescribingJson object at 0x000001EDCC543550>]}


============================== 12:24:10.881196 | 608d2ec7-0b9e-42ec-b42c-b389ddb20ae9 ==============================
[0m12:24:10.881196 [info ] [MainThread]: Running with dbt=1.6.6
[0m12:24:10.882241 [debug] [MainThread]: running dbt with arguments {'printer_width': '80', 'indirect_selection': 'eager', 'write_json': 'True', 'log_cache_events': 'False', 'partial_parse': 'True', 'cache_selected_only': 'False', 'warn_error': 'None', 'debug': 'False', 'profiles_dir': '..', 'log_path': 'C:\\Users\\anaregud\\PycharmProjects\\dbt_snowflake\\logs', 'fail_fast': 'False', 'version_check': 'True', 'use_colors': 'True', 'use_experimental_parser': 'False', 'no_print': 'None', 'quiet': 'False', 'warn_error_options': 'WarnErrorOptions(include=[], exclude=[])', 'static_parser': 'True', 'introspect': 'True', 'log_format': 'default', 'target_path': 'None', 'invocation_command': 'dbt debug --profiles-dir ..', 'send_anonymous_usage_stats': 'True'}
[0m12:24:10.883265 [info ] [MainThread]: dbt version: 1.6.6
[0m12:24:10.884196 [info ] [MainThread]: python version: 3.11.1
[0m12:24:10.885200 [info ] [MainThread]: python path: C:\Program Files\Python311\python.exe
[0m12:24:10.886199 [info ] [MainThread]: os info: Windows-10-10.0.22621-SP0
[0m12:24:10.887214 [info ] [MainThread]: Using profiles dir at ..
[0m12:24:10.888198 [info ] [MainThread]: Using profiles.yml file at ..\profiles.yml
[0m12:24:10.889231 [info ] [MainThread]: Using dbt_project.yml file at C:\Users\anaregud\PycharmProjects\dbt_snowflake\dbt_project.yml
[0m12:24:10.916740 [info ] [MainThread]: Configuration:
[0m12:24:10.918731 [info ] [MainThread]:   profiles.yml file [[31mERROR not found[0m]
[0m12:24:10.919810 [info ] [MainThread]:   dbt_project.yml file [[32mOK found and valid[0m]
[0m12:24:10.920700 [info ] [MainThread]: Required dependencies:
[0m12:24:10.921698 [debug] [MainThread]: Executing "git --help"
[0m12:24:11.029807 [debug] [MainThread]: STDOUT: "b"usage: git [-v | --version] [-h | --help] [-C <path>] [-c <name>=<value>]\n           [--exec-path[=<path>]] [--html-path] [--man-path] [--info-path]\n           [-p | --paginate | -P | --no-pager] [--no-replace-objects] [--bare]\n           [--git-dir=<path>] [--work-tree=<path>] [--namespace=<name>]\n           [--super-prefix=<path>] [--config-env=<name>=<envvar>]\n           <command> [<args>]\n\nThese are common Git commands used in various situations:\n\nstart a working area (see also: git help tutorial)\n   clone     Clone a repository into a new directory\n   init      Create an empty Git repository or reinitialize an existing one\n\nwork on the current change (see also: git help everyday)\n   add       Add file contents to the index\n   mv        Move or rename a file, a directory, or a symlink\n   restore   Restore working tree files\n   rm        Remove files from the working tree and from the index\n\nexamine the history and state (see also: git help revisions)\n   bisect    Use binary search to find the commit that introduced a bug\n   diff      Show changes between commits, commit and working tree, etc\n   grep      Print lines matching a pattern\n   log       Show commit logs\n   show      Show various types of objects\n   status    Show the working tree status\n\ngrow, mark and tweak your common history\n   branch    List, create, or delete branches\n   commit    Record changes to the repository\n   merge     Join two or more development histories together\n   rebase    Reapply commits on top of another base tip\n   reset     Reset current HEAD to the specified state\n   switch    Switch branches\n   tag       Create, list, delete or verify a tag object signed with GPG\n\ncollaborate (see also: git help workflows)\n   fetch     Download objects and refs from another repository\n   pull      Fetch from and integrate with another repository or a local branch\n   push      Update remote refs along with associated objects\n\n'git help -a' and 'git help -g' list available subcommands and some\nconcept guides. See 'git help <command>' or 'git help <concept>'\nto read about a specific subcommand or concept.\nSee 'git help git' for an overview of the system.\n""
[0m12:24:11.030810 [debug] [MainThread]: STDERR: "b''"
[0m12:24:11.030810 [info ] [MainThread]:  - git [[32mOK found[0m]

[0m12:24:11.031985 [info ] [MainThread]: Connection test skipped since no profile was found
[0m12:24:11.031985 [info ] [MainThread]: [31m1 check failed:[0m
[0m12:24:11.033082 [info ] [MainThread]: dbt looked for a profiles.yml file in ..\profiles.yml, but did
not find one. For more information on configuring your profile, consult the
documentation:

https://docs.getdbt.com/docs/configure-your-profile


[0m12:24:11.034129 [debug] [MainThread]: Command `dbt debug` failed at 12:24:11.034129 after 0.23 seconds
[0m12:24:11.034129 [debug] [MainThread]: Sending event: {'category': 'dbt', 'action': 'invocation', 'label': 'end', 'context': [<snowplow_tracker.self_describing_json.SelfDescribingJson object at 0x000001EDCC2AD410>, <snowplow_tracker.self_describing_json.SelfDescribingJson object at 0x000001EDCC2AFED0>, <snowplow_tracker.self_describing_json.SelfDescribingJson object at 0x000001EDCC2AEB10>]}
[0m12:24:11.035219 [debug] [MainThread]: Flushing usage events
[0m12:25:03.108058 [debug] [MainThread]: Sending event: {'category': 'dbt', 'action': 'invocation', 'label': 'start', 'context': [<snowplow_tracker.self_describing_json.SelfDescribingJson object at 0x0000020673044F10>, <snowplow_tracker.self_describing_json.SelfDescribingJson object at 0x00000206730454D0>, <snowplow_tracker.self_describing_json.SelfDescribingJson object at 0x0000020673045B50>]}


============================== 12:25:03.112102 | 236d3624-2458-4852-b530-39c3db8e736f ==============================
[0m12:25:03.112102 [info ] [MainThread]: Running with dbt=1.6.6
[0m12:25:03.114056 [debug] [MainThread]: running dbt with arguments {'printer_width': '80', 'indirect_selection': 'eager', 'log_cache_events': 'False', 'write_json': 'True', 'partial_parse': 'True', 'cache_selected_only': 'False', 'warn_error': 'None', 'fail_fast': 'False', 'debug': 'False', 'log_path': 'C:\\Users\\anaregud\\PycharmProjects\\dbt_snowflake\\logs', 'profiles_dir': '.', 'version_check': 'True', 'use_colors': 'True', 'use_experimental_parser': 'False', 'no_print': 'None', 'quiet': 'False', 'log_format': 'default', 'introspect': 'True', 'static_parser': 'True', 'warn_error_options': 'WarnErrorOptions(include=[], exclude=[])', 'target_path': 'None', 'invocation_command': 'dbt debug --profiles-dir .', 'send_anonymous_usage_stats': 'True'}
[0m12:25:03.115021 [info ] [MainThread]: dbt version: 1.6.6
[0m12:25:03.115644 [info ] [MainThread]: python version: 3.11.1
[0m12:25:03.116503 [info ] [MainThread]: python path: C:\Program Files\Python311\python.exe
[0m12:25:03.117372 [info ] [MainThread]: os info: Windows-10-10.0.22621-SP0
[0m12:25:03.118194 [info ] [MainThread]: Using profiles dir at .
[0m12:25:03.119061 [info ] [MainThread]: Using profiles.yml file at .\profiles.yml
[0m12:25:03.119875 [info ] [MainThread]: Using dbt_project.yml file at C:\Users\anaregud\PycharmProjects\dbt_snowflake\dbt_project.yml
[0m12:25:03.139683 [info ] [MainThread]: Configuration:
[0m12:25:03.141683 [info ] [MainThread]:   profiles.yml file [[31mERROR not found[0m]
[0m12:25:03.142718 [info ] [MainThread]:   dbt_project.yml file [[32mOK found and valid[0m]
[0m12:25:03.143683 [info ] [MainThread]: Required dependencies:
[0m12:25:03.144689 [debug] [MainThread]: Executing "git --help"
[0m12:25:03.241940 [debug] [MainThread]: STDOUT: "b"usage: git [-v | --version] [-h | --help] [-C <path>] [-c <name>=<value>]\n           [--exec-path[=<path>]] [--html-path] [--man-path] [--info-path]\n           [-p | --paginate | -P | --no-pager] [--no-replace-objects] [--bare]\n           [--git-dir=<path>] [--work-tree=<path>] [--namespace=<name>]\n           [--super-prefix=<path>] [--config-env=<name>=<envvar>]\n           <command> [<args>]\n\nThese are common Git commands used in various situations:\n\nstart a working area (see also: git help tutorial)\n   clone     Clone a repository into a new directory\n   init      Create an empty Git repository or reinitialize an existing one\n\nwork on the current change (see also: git help everyday)\n   add       Add file contents to the index\n   mv        Move or rename a file, a directory, or a symlink\n   restore   Restore working tree files\n   rm        Remove files from the working tree and from the index\n\nexamine the history and state (see also: git help revisions)\n   bisect    Use binary search to find the commit that introduced a bug\n   diff      Show changes between commits, commit and working tree, etc\n   grep      Print lines matching a pattern\n   log       Show commit logs\n   show      Show various types of objects\n   status    Show the working tree status\n\ngrow, mark and tweak your common history\n   branch    List, create, or delete branches\n   commit    Record changes to the repository\n   merge     Join two or more development histories together\n   rebase    Reapply commits on top of another base tip\n   reset     Reset current HEAD to the specified state\n   switch    Switch branches\n   tag       Create, list, delete or verify a tag object signed with GPG\n\ncollaborate (see also: git help workflows)\n   fetch     Download objects and refs from another repository\n   pull      Fetch from and integrate with another repository or a local branch\n   push      Update remote refs along with associated objects\n\n'git help -a' and 'git help -g' list available subcommands and some\nconcept guides. See 'git help <command>' or 'git help <concept>'\nto read about a specific subcommand or concept.\nSee 'git help git' for an overview of the system.\n""
[0m12:25:03.243026 [debug] [MainThread]: STDERR: "b''"
[0m12:25:03.244840 [info ] [MainThread]:  - git [[32mOK found[0m]

[0m12:25:03.245942 [info ] [MainThread]: Connection test skipped since no profile was found
[0m12:25:03.246879 [info ] [MainThread]: [31m1 check failed:[0m
[0m12:25:03.247319 [info ] [MainThread]: dbt looked for a profiles.yml file in .\profiles.yml, but did
not find one. For more information on configuring your profile, consult the
documentation:

https://docs.getdbt.com/docs/configure-your-profile


[0m12:25:03.248062 [debug] [MainThread]: Command `dbt debug` failed at 12:25:03.248062 after 0.23 seconds
[0m12:25:03.249101 [debug] [MainThread]: Sending event: {'category': 'dbt', 'action': 'invocation', 'label': 'end', 'context': [<snowplow_tracker.self_describing_json.SelfDescribingJson object at 0x0000020670722490>, <snowplow_tracker.self_describing_json.SelfDescribingJson object at 0x000002066FFFA3D0>, <snowplow_tracker.self_describing_json.SelfDescribingJson object at 0x00000206728DC3D0>]}
[0m12:25:03.249101 [debug] [MainThread]: Flushing usage events
[0m12:25:09.821338 [debug] [MainThread]: Sending event: {'category': 'dbt', 'action': 'invocation', 'label': 'start', 'context': [<snowplow_tracker.self_describing_json.SelfDescribingJson object at 0x000001DB50B4FF90>, <snowplow_tracker.self_describing_json.SelfDescribingJson object at 0x000001DB50C854D0>, <snowplow_tracker.self_describing_json.SelfDescribingJson object at 0x000001DB50AF0190>]}


============================== 12:25:09.825380 | 5a656ee4-b917-442f-a6f9-52130d624b87 ==============================
[0m12:25:09.825380 [info ] [MainThread]: Running with dbt=1.6.6
[0m12:25:09.826299 [debug] [MainThread]: running dbt with arguments {'printer_width': '80', 'indirect_selection': 'eager', 'log_cache_events': 'False', 'write_json': 'True', 'partial_parse': 'True', 'cache_selected_only': 'False', 'warn_error': 'None', 'fail_fast': 'False', 'debug': 'False', 'log_path': 'C:\\Users\\anaregud\\PycharmProjects\\dbt_snowflake\\logs', 'profiles_dir': '.', 'version_check': 'True', 'use_colors': 'True', 'use_experimental_parser': 'False', 'no_print': 'None', 'quiet': 'False', 'log_format': 'default', 'invocation_command': 'dbt debug --profiles-dir .', 'warn_error_options': 'WarnErrorOptions(include=[], exclude=[])', 'static_parser': 'True', 'target_path': 'None', 'introspect': 'True', 'send_anonymous_usage_stats': 'True'}
[0m12:25:09.827299 [info ] [MainThread]: dbt version: 1.6.6
[0m12:25:09.828036 [info ] [MainThread]: python version: 3.11.1
[0m12:25:09.828862 [info ] [MainThread]: python path: C:\Program Files\Python311\python.exe
[0m12:25:09.829683 [info ] [MainThread]: os info: Windows-10-10.0.22621-SP0
[0m12:25:09.830382 [info ] [MainThread]: Using profiles dir at .
[0m12:25:09.831698 [info ] [MainThread]: Using profiles.yml file at .\profiles.yml
[0m12:25:09.832704 [info ] [MainThread]: Using dbt_project.yml file at C:\Users\anaregud\PycharmProjects\dbt_snowflake\dbt_project.yml
[0m12:25:09.856779 [info ] [MainThread]: Configuration:
[0m12:25:09.857374 [info ] [MainThread]:   profiles.yml file [[31mERROR not found[0m]
[0m12:25:09.858377 [info ] [MainThread]:   dbt_project.yml file [[32mOK found and valid[0m]
[0m12:25:09.859424 [info ] [MainThread]: Required dependencies:
[0m12:25:09.860461 [debug] [MainThread]: Executing "git --help"
[0m12:25:09.963269 [debug] [MainThread]: STDOUT: "b"usage: git [-v | --version] [-h | --help] [-C <path>] [-c <name>=<value>]\n           [--exec-path[=<path>]] [--html-path] [--man-path] [--info-path]\n           [-p | --paginate | -P | --no-pager] [--no-replace-objects] [--bare]\n           [--git-dir=<path>] [--work-tree=<path>] [--namespace=<name>]\n           [--super-prefix=<path>] [--config-env=<name>=<envvar>]\n           <command> [<args>]\n\nThese are common Git commands used in various situations:\n\nstart a working area (see also: git help tutorial)\n   clone     Clone a repository into a new directory\n   init      Create an empty Git repository or reinitialize an existing one\n\nwork on the current change (see also: git help everyday)\n   add       Add file contents to the index\n   mv        Move or rename a file, a directory, or a symlink\n   restore   Restore working tree files\n   rm        Remove files from the working tree and from the index\n\nexamine the history and state (see also: git help revisions)\n   bisect    Use binary search to find the commit that introduced a bug\n   diff      Show changes between commits, commit and working tree, etc\n   grep      Print lines matching a pattern\n   log       Show commit logs\n   show      Show various types of objects\n   status    Show the working tree status\n\ngrow, mark and tweak your common history\n   branch    List, create, or delete branches\n   commit    Record changes to the repository\n   merge     Join two or more development histories together\n   rebase    Reapply commits on top of another base tip\n   reset     Reset current HEAD to the specified state\n   switch    Switch branches\n   tag       Create, list, delete or verify a tag object signed with GPG\n\ncollaborate (see also: git help workflows)\n   fetch     Download objects and refs from another repository\n   pull      Fetch from and integrate with another repository or a local branch\n   push      Update remote refs along with associated objects\n\n'git help -a' and 'git help -g' list available subcommands and some\nconcept guides. See 'git help <command>' or 'git help <concept>'\nto read about a specific subcommand or concept.\nSee 'git help git' for an overview of the system.\n""
[0m12:25:09.963269 [debug] [MainThread]: STDERR: "b''"
[0m12:25:09.964269 [info ] [MainThread]:  - git [[32mOK found[0m]

[0m12:25:09.964905 [info ] [MainThread]: Connection test skipped since no profile was found
[0m12:25:09.965849 [info ] [MainThread]: [31m1 check failed:[0m
[0m12:25:09.966567 [info ] [MainThread]: dbt looked for a profiles.yml file in .\profiles.yml, but did
not find one. For more information on configuring your profile, consult the
documentation:

https://docs.getdbt.com/docs/configure-your-profile


[0m12:25:09.967256 [debug] [MainThread]: Command `dbt debug` failed at 12:25:09.967256 after 0.22 seconds
[0m12:25:09.968280 [debug] [MainThread]: Sending event: {'category': 'dbt', 'action': 'invocation', 'label': 'end', 'context': [<snowplow_tracker.self_describing_json.SelfDescribingJson object at 0x000001DB49D19210>, <snowplow_tracker.self_describing_json.SelfDescribingJson object at 0x000001DB49D069D0>, <snowplow_tracker.self_describing_json.SelfDescribingJson object at 0x000001DB5077A150>]}
[0m12:25:09.968280 [debug] [MainThread]: Flushing usage events
[0m12:25:27.140085 [debug] [MainThread]: Sending event: {'category': 'dbt', 'action': 'invocation', 'label': 'start', 'context': [<snowplow_tracker.self_describing_json.SelfDescribingJson object at 0x0000023538E51D90>, <snowplow_tracker.self_describing_json.SelfDescribingJson object at 0x00000235391DF990>, <snowplow_tracker.self_describing_json.SelfDescribingJson object at 0x00000235390F7590>]}


============================== 12:25:27.144068 | fe1b5516-4545-4a89-8181-fee1240e0763 ==============================
[0m12:25:27.144068 [info ] [MainThread]: Running with dbt=1.6.6
[0m12:25:27.144583 [debug] [MainThread]: running dbt with arguments {'printer_width': '80', 'indirect_selection': 'eager', 'log_cache_events': 'False', 'write_json': 'True', 'partial_parse': 'True', 'cache_selected_only': 'False', 'profiles_dir': 'C:\\Users\\anaregud\\.dbt', 'version_check': 'True', 'fail_fast': 'False', 'log_path': 'C:\\Users\\anaregud\\PycharmProjects\\dbt_snowflake\\logs', 'warn_error': 'None', 'debug': 'False', 'use_colors': 'True', 'use_experimental_parser': 'False', 'no_print': 'None', 'quiet': 'False', 'log_format': 'default', 'introspect': 'True', 'warn_error_options': 'WarnErrorOptions(include=[], exclude=[])', 'invocation_command': 'dbt debug', 'target_path': 'None', 'static_parser': 'True', 'send_anonymous_usage_stats': 'True'}
[0m12:25:27.145585 [info ] [MainThread]: dbt version: 1.6.6
[0m12:25:27.146651 [info ] [MainThread]: python version: 3.11.1
[0m12:25:27.147071 [info ] [MainThread]: python path: C:\Program Files\Python311\python.exe
[0m12:25:27.147927 [info ] [MainThread]: os info: Windows-10-10.0.22621-SP0
[0m12:25:27.422970 [info ] [MainThread]: Using profiles dir at C:\Users\anaregud\.dbt
[0m12:25:27.425348 [info ] [MainThread]: Using profiles.yml file at C:\Users\anaregud\.dbt\profiles.yml
[0m12:25:27.426315 [info ] [MainThread]: Using dbt_project.yml file at C:\Users\anaregud\PycharmProjects\dbt_snowflake\dbt_project.yml
[0m12:25:27.426949 [info ] [MainThread]: adapter type: snowflake
[0m12:25:27.428254 [info ] [MainThread]: adapter version: 1.6.4
[0m12:25:27.448080 [info ] [MainThread]: Configuration:
[0m12:25:27.449080 [info ] [MainThread]:   profiles.yml file [[32mOK found and valid[0m]
[0m12:25:27.450078 [info ] [MainThread]:   dbt_project.yml file [[32mOK found and valid[0m]
[0m12:25:27.452105 [info ] [MainThread]: Required dependencies:
[0m12:25:27.452491 [debug] [MainThread]: Executing "git --help"
[0m12:25:27.541894 [debug] [MainThread]: STDOUT: "b"usage: git [-v | --version] [-h | --help] [-C <path>] [-c <name>=<value>]\n           [--exec-path[=<path>]] [--html-path] [--man-path] [--info-path]\n           [-p | --paginate | -P | --no-pager] [--no-replace-objects] [--bare]\n           [--git-dir=<path>] [--work-tree=<path>] [--namespace=<name>]\n           [--super-prefix=<path>] [--config-env=<name>=<envvar>]\n           <command> [<args>]\n\nThese are common Git commands used in various situations:\n\nstart a working area (see also: git help tutorial)\n   clone     Clone a repository into a new directory\n   init      Create an empty Git repository or reinitialize an existing one\n\nwork on the current change (see also: git help everyday)\n   add       Add file contents to the index\n   mv        Move or rename a file, a directory, or a symlink\n   restore   Restore working tree files\n   rm        Remove files from the working tree and from the index\n\nexamine the history and state (see also: git help revisions)\n   bisect    Use binary search to find the commit that introduced a bug\n   diff      Show changes between commits, commit and working tree, etc\n   grep      Print lines matching a pattern\n   log       Show commit logs\n   show      Show various types of objects\n   status    Show the working tree status\n\ngrow, mark and tweak your common history\n   branch    List, create, or delete branches\n   commit    Record changes to the repository\n   merge     Join two or more development histories together\n   rebase    Reapply commits on top of another base tip\n   reset     Reset current HEAD to the specified state\n   switch    Switch branches\n   tag       Create, list, delete or verify a tag object signed with GPG\n\ncollaborate (see also: git help workflows)\n   fetch     Download objects and refs from another repository\n   pull      Fetch from and integrate with another repository or a local branch\n   push      Update remote refs along with associated objects\n\n'git help -a' and 'git help -g' list available subcommands and some\nconcept guides. See 'git help <command>' or 'git help <concept>'\nto read about a specific subcommand or concept.\nSee 'git help git' for an overview of the system.\n""
[0m12:25:27.542898 [debug] [MainThread]: STDERR: "b''"
[0m12:25:27.542898 [info ] [MainThread]:  - git [[32mOK found[0m]

[0m12:25:27.543726 [info ] [MainThread]: Connection:
[0m12:25:27.544737 [info ] [MainThread]:   account: axxlqaw-ye28391
[0m12:25:27.545786 [info ] [MainThread]:   user: lionman
[0m12:25:27.547756 [info ] [MainThread]:   database: DBT_PROJECT
[0m12:25:27.548736 [info ] [MainThread]:   warehouse: COMPUTE_WH
[0m12:25:27.549738 [info ] [MainThread]:   role: ACCOUNTADMIN
[0m12:25:27.550736 [info ] [MainThread]:   schema: DEV
[0m12:25:27.551627 [info ] [MainThread]:   authenticator: None
[0m12:25:27.552210 [info ] [MainThread]:   private_key_path: None
[0m12:25:27.552863 [info ] [MainThread]:   token: None
[0m12:25:27.553402 [info ] [MainThread]:   oauth_client_id: None
[0m12:25:27.554016 [info ] [MainThread]:   query_tag: None
[0m12:25:27.554601 [info ] [MainThread]:   client_session_keep_alive: False
[0m12:25:27.555169 [info ] [MainThread]:   host: None
[0m12:25:27.556285 [info ] [MainThread]:   port: None
[0m12:25:27.556670 [info ] [MainThread]:   proxy_host: None
[0m12:25:27.557437 [info ] [MainThread]:   proxy_port: None
[0m12:25:27.558385 [info ] [MainThread]:   protocol: None
[0m12:25:27.559388 [info ] [MainThread]:   connect_retries: 0
[0m12:25:27.559388 [info ] [MainThread]:   connect_timeout: 10
[0m12:25:27.560388 [info ] [MainThread]:   retry_on_database_errors: False
[0m12:25:27.561629 [info ] [MainThread]:   retry_all: False
[0m12:25:27.562632 [info ] [MainThread]:   insecure_mode: False
[0m12:25:27.563864 [info ] [MainThread]:   reuse_connections: False
[0m12:25:27.564443 [info ] [MainThread]: Registered adapter: snowflake=1.6.4
[0m12:25:27.566445 [debug] [MainThread]: Acquiring new snowflake connection 'debug'
[0m12:25:27.566445 [debug] [MainThread]: Using snowflake connection "debug"
[0m12:25:27.567445 [debug] [MainThread]: On debug: select 1 as id
[0m12:25:27.567445 [debug] [MainThread]: Opening a new connection, currently in state init
[0m12:25:28.909915 [debug] [MainThread]: SQL status: SUCCESS 1 in 1.0 seconds
[0m12:25:28.913538 [debug] [MainThread]: On debug: Close
[0m12:25:29.668074 [info ] [MainThread]:   Connection test: [[32mOK connection ok[0m]

[0m12:25:29.671155 [info ] [MainThread]: [32mAll checks passed![0m
[0m12:25:29.673525 [debug] [MainThread]: Command `dbt debug` succeeded at 12:25:29.673525 after 2.64 seconds
[0m12:25:29.674517 [debug] [MainThread]: Connection 'debug' was properly closed.
[0m12:25:29.676516 [debug] [MainThread]: Sending event: {'category': 'dbt', 'action': 'invocation', 'label': 'end', 'context': [<snowplow_tracker.self_describing_json.SelfDescribingJson object at 0x000002353902F850>, <snowplow_tracker.self_describing_json.SelfDescribingJson object at 0x0000023532377C90>, <snowplow_tracker.self_describing_json.SelfDescribingJson object at 0x0000023538E0B110>]}
[0m12:25:29.677530 [debug] [MainThread]: Flushing usage events
[0m12:25:37.623795 [debug] [MainThread]: Sending event: {'category': 'dbt', 'action': 'invocation', 'label': 'start', 'context': [<snowplow_tracker.self_describing_json.SelfDescribingJson object at 0x0000020B72E63A10>, <snowplow_tracker.self_describing_json.SelfDescribingJson object at 0x0000020B72E632D0>, <snowplow_tracker.self_describing_json.SelfDescribingJson object at 0x0000020B73182B10>]}


============================== 12:25:37.627887 | 258806a9-fa44-4872-96f3-a53511acc2a2 ==============================
[0m12:25:37.627887 [info ] [MainThread]: Running with dbt=1.6.6
[0m12:25:37.629893 [debug] [MainThread]: running dbt with arguments {'printer_width': '80', 'indirect_selection': 'eager', 'write_json': 'True', 'log_cache_events': 'False', 'partial_parse': 'True', 'cache_selected_only': 'False', 'profiles_dir': 'C:\\Users\\anaregud\\.dbt', 'version_check': 'True', 'fail_fast': 'False', 'log_path': 'C:\\Users\\anaregud\\PycharmProjects\\dbt_snowflake\\logs', 'warn_error': 'None', 'debug': 'False', 'use_colors': 'True', 'use_experimental_parser': 'False', 'no_print': 'None', 'quiet': 'False', 'log_format': 'default', 'static_parser': 'True', 'introspect': 'True', 'invocation_command': 'dbt run', 'target_path': 'None', 'warn_error_options': 'WarnErrorOptions(include=[], exclude=[])', 'send_anonymous_usage_stats': 'True'}
[0m12:25:37.962317 [debug] [MainThread]: Sending event: {'category': 'dbt', 'action': 'project_id', 'label': '258806a9-fa44-4872-96f3-a53511acc2a2', 'context': [<snowplow_tracker.self_describing_json.SelfDescribingJson object at 0x0000020B730CD8D0>]}
[0m12:25:37.975317 [debug] [MainThread]: Sending event: {'category': 'dbt', 'action': 'adapter_info', 'label': '258806a9-fa44-4872-96f3-a53511acc2a2', 'context': [<snowplow_tracker.self_describing_json.SelfDescribingJson object at 0x0000020B72E4F7D0>]}
[0m12:25:37.976353 [info ] [MainThread]: Registered adapter: snowflake=1.6.4
[0m12:25:37.984580 [debug] [MainThread]: checksum: 546b81fb56652c304d87abd676e84d4737d8a0c6b62160f4a6e79dcddbc842bb, vars: {}, profile: , target: , version: 1.6.6
[0m12:25:37.986580 [info ] [MainThread]: Unable to do partial parsing because saved manifest not found. Starting full parse.
[0m12:25:37.988802 [debug] [MainThread]: Sending event: {'category': 'dbt', 'action': 'partial_parser', 'label': '258806a9-fa44-4872-96f3-a53511acc2a2', 'context': [<snowplow_tracker.self_describing_json.SelfDescribingJson object at 0x0000020B735DED10>]}
[0m12:25:38.733063 [warn ] [MainThread]: [[33mWARNING[0m]: Did not find matching node for patch with name '<table_name>' in the 'models' section of file 'models\schema.yml'
[0m12:25:38.768987 [warn ] [MainThread]: [[33mWARNING[0m]: Test 'test.dbt_training.unique_<table_name>_column1.c51d8b752f' (models\schema.yml) depends on a node named '<table_name>' in package '' which was not found
[0m12:25:38.770988 [warn ] [MainThread]: [[33mWARNING[0m]: Test 'test.dbt_training.not_null_<table_name>_column1.876e9c9849' (models\schema.yml) depends on a node named '<table_name>' in package '' which was not found
[0m12:25:38.771600 [warn ] [MainThread]: [[33mWARNING[0m]: Test 'test.dbt_training.accepted_values_<table_name>_column2__placed__shipped__completed__returned.4b7773cca7' (models\schema.yml) depends on a node named '<table_name>' in package '' which was not found
[0m12:25:38.772602 [warn ] [MainThread]: [[33mWARNING[0m]: Test 'test.dbt_training.relationships_<table_name>_column3__id__ref_customers_.0052694645' (models\schema.yml) depends on a node named 'customers' in package '' which was not found
[0m12:25:38.773602 [warn ] [MainThread]: [[33mWARNING[0m]: Test 'test.dbt_training.relationships_<table_name>_column3__id__ref_customers_.0052694645' (models\schema.yml) depends on a node named '<table_name>' in package '' which was not found
[0m12:25:38.774603 [warn ] [MainThread]: [[33mWARNING[0m]: Test 'test.dbt_training.not_null_<table_name>_amount_usd.b6d0701474' (models\schema.yml) depends on a node named '<table_name>' in package '' which was not found
[0m12:25:38.775605 [warn ] [MainThread]: [[33mWARNING[0m]: Test 'test.dbt_training.greater_than_zero_<table_name>_amount_usd.38b69a306a' (models\schema.yml) depends on a node named '<table_name>' in package '' which was not found
[0m12:25:38.799683 [warn ] [MainThread]: [[33mWARNING[0m]: Configuration paths exist in your dbt_project.yml file which do not apply to any resources.
There are 1 unused configuration paths:
- models.dbt_training.example
[0m12:25:38.805646 [debug] [MainThread]: Sending event: {'category': 'dbt', 'action': 'load_project', 'label': '258806a9-fa44-4872-96f3-a53511acc2a2', 'context': [<snowplow_tracker.self_describing_json.SelfDescribingJson object at 0x0000020B7421E0D0>]}
[0m12:25:38.832980 [debug] [MainThread]: Sending event: {'category': 'dbt', 'action': 'resource_counts', 'label': '258806a9-fa44-4872-96f3-a53511acc2a2', 'context': [<snowplow_tracker.self_describing_json.SelfDescribingJson object at 0x0000020B740C5290>]}
[0m12:25:38.833979 [info ] [MainThread]: Found 1 model, 2 tests, 1 seed, 0 sources, 0 exposures, 0 metrics, 376 macros, 0 groups, 0 semantic models
[0m12:25:38.836015 [debug] [MainThread]: Sending event: {'category': 'dbt', 'action': 'runnable_timing', 'label': '258806a9-fa44-4872-96f3-a53511acc2a2', 'context': [<snowplow_tracker.self_describing_json.SelfDescribingJson object at 0x0000020B7415DF10>]}
[0m12:25:38.840398 [info ] [MainThread]: 
[0m12:25:38.843398 [debug] [MainThread]: Acquiring new snowflake connection 'master'
[0m12:25:38.845466 [debug] [ThreadPool]: Acquiring new snowflake connection 'list_DBT_PROJECT'
[0m12:25:38.858399 [debug] [ThreadPool]: Using snowflake connection "list_DBT_PROJECT"
[0m12:25:38.859399 [debug] [ThreadPool]: On list_DBT_PROJECT: /* {"app": "dbt", "dbt_version": "1.6.6", "profile_name": "snowflake", "target_name": "dev", "connection_name": "list_DBT_PROJECT"} */
show terse schemas in database DBT_PROJECT
    limit 10000
[0m12:25:38.860399 [debug] [ThreadPool]: Opening a new connection, currently in state init
[0m12:25:40.151901 [debug] [ThreadPool]: SQL status: SUCCESS 4 in 1.0 seconds
[0m12:25:40.155901 [debug] [ThreadPool]: On list_DBT_PROJECT: Close
[0m12:25:40.737793 [debug] [ThreadPool]: Acquiring new snowflake connection 'list_DBT_PROJECT_DEV'
[0m12:25:40.752798 [debug] [ThreadPool]: Using snowflake connection "list_DBT_PROJECT_DEV"
[0m12:25:40.753793 [debug] [ThreadPool]: On list_DBT_PROJECT_DEV: /* {"app": "dbt", "dbt_version": "1.6.6", "profile_name": "snowflake", "target_name": "dev", "connection_name": "list_DBT_PROJECT_DEV"} */
show terse objects in DBT_PROJECT.DEV limit 10000
[0m12:25:40.754794 [debug] [ThreadPool]: Opening a new connection, currently in state init
[0m12:25:41.845536 [debug] [ThreadPool]: SQL status: SUCCESS 0 in 1.0 seconds
[0m12:25:41.849536 [debug] [ThreadPool]: On list_DBT_PROJECT_DEV: Close
[0m12:25:42.430960 [debug] [MainThread]: Sending event: {'category': 'dbt', 'action': 'runnable_timing', 'label': '258806a9-fa44-4872-96f3-a53511acc2a2', 'context': [<snowplow_tracker.self_describing_json.SelfDescribingJson object at 0x0000020B741AC2D0>]}
[0m12:25:42.436159 [info ] [MainThread]: Concurrency: 4 threads (target='dev')
[0m12:25:42.440165 [info ] [MainThread]: 
[0m12:25:42.466135 [debug] [Thread-1 (]: Began running node model.dbt_training.sample1
[0m12:25:42.468140 [info ] [Thread-1 (]: 1 of 1 START sql view model DEV.sample1 ........................................ [RUN]
[0m12:25:42.470169 [debug] [Thread-1 (]: Acquiring new snowflake connection 'model.dbt_training.sample1'
[0m12:25:42.471156 [debug] [Thread-1 (]: Began compiling node model.dbt_training.sample1
[0m12:25:42.481154 [debug] [Thread-1 (]: Writing injected SQL for node "model.dbt_training.sample1"
[0m12:25:42.485642 [debug] [Thread-1 (]: Timing info for model.dbt_training.sample1 (compile): 12:25:42.473085 => 12:25:42.484592
[0m12:25:42.485642 [debug] [Thread-1 (]: Began executing node model.dbt_training.sample1
[0m12:25:42.511594 [debug] [Thread-1 (]: Writing runtime sql for node "model.dbt_training.sample1"
[0m12:25:42.514613 [debug] [Thread-1 (]: Using snowflake connection "model.dbt_training.sample1"
[0m12:25:42.515595 [debug] [Thread-1 (]: On model.dbt_training.sample1: /* {"app": "dbt", "dbt_version": "1.6.6", "profile_name": "snowflake", "target_name": "dev", "node_id": "model.dbt_training.sample1"} */
create or replace   view DBT_PROJECT.DEV.sample1
  
   as (
    -- replace the column names and table_name

select column1, column2, column3, 
    (amount / 100)::numeric(16, 2)
 as amount_usd
from <table_name>
  );
[0m12:25:42.515595 [debug] [Thread-1 (]: Opening a new connection, currently in state init
[0m12:25:43.650038 [debug] [Thread-1 (]: Snowflake adapter: Snowflake query id: 01afd01f-0001-6f5a-0000-000261b6507d
[0m12:25:43.651038 [debug] [Thread-1 (]: Snowflake adapter: Snowflake error: 001003 (42000): SQL compilation error:
syntax error line 9 at position 5 unexpected '<'.
[0m12:25:43.652038 [debug] [Thread-1 (]: Timing info for model.dbt_training.sample1 (execute): 12:25:42.486594 => 12:25:43.652038
[0m12:25:43.653038 [debug] [Thread-1 (]: On model.dbt_training.sample1: Close
[0m12:25:44.236857 [debug] [Thread-1 (]: Database Error in model sample1 (models\sample1.sql)
  001003 (42000): SQL compilation error:
  syntax error line 9 at position 5 unexpected '<'.
  compiled Code at target\run\dbt_training\models\sample1.sql
[0m12:25:44.237857 [debug] [Thread-1 (]: Sending event: {'category': 'dbt', 'action': 'run_model', 'label': '258806a9-fa44-4872-96f3-a53511acc2a2', 'context': [<snowplow_tracker.self_describing_json.SelfDescribingJson object at 0x0000020B741B3E90>]}
[0m12:25:44.238857 [error] [Thread-1 (]: 1 of 1 ERROR creating sql view model DEV.sample1 ............................... [[31mERROR[0m in 1.77s]
[0m12:25:44.239293 [debug] [Thread-1 (]: Finished running node model.dbt_training.sample1
[0m12:25:44.242335 [debug] [MainThread]: Connection 'master' was properly closed.
[0m12:25:44.243426 [debug] [MainThread]: Connection 'list_DBT_PROJECT' was properly closed.
[0m12:25:44.244411 [debug] [MainThread]: Connection 'list_DBT_PROJECT_DEV' was properly closed.
[0m12:25:44.244411 [debug] [MainThread]: Connection 'model.dbt_training.sample1' was properly closed.
[0m12:25:44.245414 [info ] [MainThread]: 
[0m12:25:44.246336 [info ] [MainThread]: Finished running 1 view model in 0 hours 0 minutes and 5.40 seconds (5.40s).
[0m12:25:44.247335 [debug] [MainThread]: Command end result
[0m12:25:44.260334 [info ] [MainThread]: 
[0m12:25:44.261460 [info ] [MainThread]: [31mCompleted with 1 error and 0 warnings:[0m
[0m12:25:44.264336 [info ] [MainThread]: 
[0m12:25:44.265359 [error] [MainThread]:   Database Error in model sample1 (models\sample1.sql)
  001003 (42000): SQL compilation error:
  syntax error line 9 at position 5 unexpected '<'.
  compiled Code at target\run\dbt_training\models\sample1.sql
[0m12:25:44.267368 [info ] [MainThread]: 
[0m12:25:44.267883 [info ] [MainThread]: Done. PASS=0 WARN=0 ERROR=1 SKIP=0 TOTAL=1
[0m12:25:44.268887 [debug] [MainThread]: Command `dbt run` failed at 12:25:44.268887 after 6.75 seconds
[0m12:25:44.269886 [debug] [MainThread]: Sending event: {'category': 'dbt', 'action': 'invocation', 'label': 'end', 'context': [<snowplow_tracker.self_describing_json.SelfDescribingJson object at 0x0000020B730E1D90>, <snowplow_tracker.self_describing_json.SelfDescribingJson object at 0x0000020B72E0D8D0>, <snowplow_tracker.self_describing_json.SelfDescribingJson object at 0x0000020B6C6BFB50>]}
[0m12:25:44.269886 [debug] [MainThread]: Flushing usage events
